Building DAG of jobs...
Your conda installation is not configured to use strict channel priorities. This is however crucial for having robust and correct environments (for details, see https://conda-forge.org/docs/user/tipsandtricks.html). Please consider to configure strict priorities by executing 'conda config --set channel_priority strict'.
Creating conda environment conda_envs/mafft.yml...
Downloading and installing remote packages.
Environment for /net/holy-nfsisilon/ifs/rc_labs/grad_lab/Users/qinqinyu/projects/nanopore_polishing/scripts/compare_opas/mafft_snakemake/conda_envs/mafft.yml created (location: ../../../../../../../../../../../../n/home13/qinqinyu/.conda/envs/e2567a912f876d4b0a43b53b260518c9_)
Using shell: /usr/bin/bash
Provided cluster nodes: 100
Job stats:
job      count
-----  -------
all          1
mafft       64
total       65

Select jobs to execute...

[Fri Nov 22 16:03:15 2024]
localrule mafft:
    input: ../../../data/kit14/opa_sequences_collated/DGI_65a_II_opa_8.fa
    output: ../../../data/kit14/opa_sequences_aligned/DGI_65a_II_opa_8.aln
    jobid: 45
    reason: Missing output files: ../../../data/kit14/opa_sequences_aligned/DGI_65a_II_opa_8.aln
    wildcards: sample=DGI_65a_II_opa_8
    resources: mem_mb=1000, mem_mib=954, disk_mb=1000, disk_mib=954, tmpdir=/tmp, cpus=1, time=60, partition=serial_requeue

Activating conda environment: ../../../../../../../../../../../../n/home13/qinqinyu/.conda/envs/e2567a912f876d4b0a43b53b260518c9_

[Fri Nov 22 16:03:15 2024]
localrule mafft:
    input: ../../../data/kit14/opa_sequences_collated/DGI_65a_II_opa_2.fa
    output: ../../../data/kit14/opa_sequences_aligned/DGI_65a_II_opa_2.aln
    jobid: 38
    reason: Missing output files: ../../../data/kit14/opa_sequences_aligned/DGI_65a_II_opa_2.aln
    wildcards: sample=DGI_65a_II_opa_2
    resources: mem_mb=1000, mem_mib=954, disk_mb=1000, disk_mib=954, tmpdir=/tmp, cpus=1, time=60, partition=serial_requeue

Activating conda environment: ../../../../../../../../../../../../n/home13/qinqinyu/.conda/envs/e2567a912f876d4b0a43b53b260518c9_

[Fri Nov 22 16:03:15 2024]
localrule mafft:
    input: ../../../data/kit14/opa_sequences_collated/EEE029_opa_3.fa
    output: ../../../data/kit14/opa_sequences_aligned/EEE029_opa_3.aln
    jobid: 31
    reason: Missing output files: ../../../data/kit14/opa_sequences_aligned/EEE029_opa_3.aln
    wildcards: sample=EEE029_opa_3
    resources: mem_mb=1000, mem_mib=954, disk_mb=1000, disk_mib=954, tmpdir=/tmp, cpus=1, time=60, partition=serial_requeue

Activating conda environment: ../../../../../../../../../../../../n/home13/qinqinyu/.conda/envs/e2567a912f876d4b0a43b53b260518c9_

[Fri Nov 22 16:03:15 2024]
localrule mafft:
    input: ../../../data/kit14/opa_sequences_collated/DGI_65_opa_9.fa
    output: ../../../data/kit14/opa_sequences_aligned/DGI_65_opa_9.aln
    jobid: 25
    reason: Missing output files: ../../../data/kit14/opa_sequences_aligned/DGI_65_opa_9.aln
    wildcards: sample=DGI_65_opa_9
    resources: mem_mb=1000, mem_mib=954, disk_mb=1000, disk_mib=954, tmpdir=/tmp, cpus=1, time=60, partition=serial_requeue

Activating conda environment: ../../../../../../../../../../../../n/home13/qinqinyu/.conda/envs/e2567a912f876d4b0a43b53b260518c9_

[Fri Nov 22 16:03:15 2024]
localrule mafft:
    input: ../../../data/kit14/opa_sequences_collated/EEE029_opa_7.fa
    output: ../../../data/kit14/opa_sequences_aligned/EEE029_opa_7.aln
    jobid: 18
    reason: Missing output files: ../../../data/kit14/opa_sequences_aligned/EEE029_opa_7.aln
    wildcards: sample=EEE029_opa_7
    resources: mem_mb=1000, mem_mib=954, disk_mb=1000, disk_mib=954, tmpdir=/tmp, cpus=1, time=60, partition=serial_requeue

Activating conda environment: ../../../../../../../../../../../../n/home13/qinqinyu/.conda/envs/e2567a912f876d4b0a43b53b260518c9_

[Fri Nov 22 16:03:15 2024]
localrule mafft:
    input: ../../../data/kit14/opa_sequences_collated/EEE029b_VI_opa_5.fa
    output: ../../../data/kit14/opa_sequences_aligned/EEE029b_VI_opa_5.aln
    jobid: 11
    reason: Missing output files: ../../../data/kit14/opa_sequences_aligned/EEE029b_VI_opa_5.aln
    wildcards: sample=EEE029b_VI_opa_5
    resources: mem_mb=1000, mem_mib=954, disk_mb=1000, disk_mib=954, tmpdir=/tmp, cpus=1, time=60, partition=serial_requeue

Activating conda environment: ../../../../../../../../../../../../n/home13/qinqinyu/.conda/envs/e2567a912f876d4b0a43b53b260518c9_

[Fri Nov 22 16:03:15 2024]
localrule mafft:
    input: ../../../data/kit14/opa_sequences_collated/EEE029a_VI_opa_1.fa
    output: ../../../data/kit14/opa_sequences_aligned/EEE029a_VI_opa_1.aln
    jobid: 4
    reason: Missing output files: ../../../data/kit14/opa_sequences_aligned/EEE029a_VI_opa_1.aln
    wildcards: sample=EEE029a_VI_opa_1
    resources: mem_mb=1000, mem_mib=954, disk_mb=1000, disk_mib=954, tmpdir=/tmp, cpus=1, time=60, partition=serial_requeue


[Fri Nov 22 16:03:15 2024]
localrule mafft:
    input: ../../../data/kit14/opa_sequences_collated/DGI_65_opa_8.fa
    output: ../../../data/kit14/opa_sequences_aligned/DGI_65_opa_8.aln
    jobid: 60
    reason: Missing output files: ../../../data/kit14/opa_sequences_aligned/DGI_65_opa_8.aln
    wildcards: sample=DGI_65_opa_8
    resources: mem_mb=1000, mem_mib=954, disk_mb=1000, disk_mib=954, tmpdir=/tmp, cpus=1, time=60, partition=serial_requeue


[Fri Nov 22 16:03:15 2024]
localrule mafft:
    input: ../../../data/kit14/opa_sequences_collated/EEE029_opa_11.fa
    output: ../../../data/kit14/opa_sequences_aligned/EEE029_opa_11.aln
    jobid: 53
    reason: Missing output files: ../../../data/kit14/opa_sequences_aligned/EEE029_opa_11.aln
    wildcards: sample=EEE029_opa_11
    resources: mem_mb=1000, mem_mib=954, disk_mb=1000, disk_mib=954, tmpdir=/tmp, cpus=1, time=60, partition=serial_requeue


[Fri Nov 22 16:03:15 2024]
localrule mafft:
    input: ../../../data/kit14/opa_sequences_collated/DGI_65a_II_opa_1.fa
    output: ../../../data/kit14/opa_sequences_aligned/DGI_65a_II_opa_1.aln
    jobid: 46
    reason: Missing output files: ../../../data/kit14/opa_sequences_aligned/DGI_65a_II_opa_1.aln
    wildcards: sample=DGI_65a_II_opa_1
    resources: mem_mb=1000, mem_mib=954, disk_mb=1000, disk_mib=954, tmpdir=/tmp, cpus=1, time=60, partition=serial_requeue


[Fri Nov 22 16:03:15 2024]
localrule mafft:
    input: ../../../data/kit14/opa_sequences_collated/EEE029a_VI_opa_11.fa
    output: ../../../data/kit14/opa_sequences_aligned/EEE029a_VI_opa_11.aln
    jobid: 39
    reason: Missing output files: ../../../data/kit14/opa_sequences_aligned/EEE029a_VI_opa_11.aln
    wildcards: sample=EEE029a_VI_opa_11
    resources: mem_mb=1000, mem_mib=954, disk_mb=1000, disk_mib=954, tmpdir=/tmp, cpus=1, time=60, partition=serial_requeue


[Fri Nov 22 16:03:15 2024]
localrule mafft:
    input: ../../../data/kit14/opa_sequences_collated/DGI_65a_II_opa_6.fa
    output: ../../../data/kit14/opa_sequences_aligned/DGI_65a_II_opa_6.aln
    jobid: 32
    reason: Missing output files: ../../../data/kit14/opa_sequences_aligned/DGI_65a_II_opa_6.aln
    wildcards: sample=DGI_65a_II_opa_6
    resources: mem_mb=1000, mem_mib=954, disk_mb=1000, disk_mib=954, tmpdir=/tmp, cpus=1, time=60, partition=serial_requeue


[Fri Nov 22 16:03:15 2024]
localrule mafft:
    input: ../../../data/kit14/opa_sequences_collated/EEE029b_VI_opa_7.fa
    output: ../../../data/kit14/opa_sequences_aligned/EEE029b_VI_opa_7.aln
    jobid: 26
    reason: Missing output files: ../../../data/kit14/opa_sequences_aligned/EEE029b_VI_opa_7.aln
    wildcards: sample=EEE029b_VI_opa_7
    resources: mem_mb=1000, mem_mib=954, disk_mb=1000, disk_mib=954, tmpdir=/tmp, cpus=1, time=60, partition=serial_requeue


[Fri Nov 22 16:03:15 2024]
localrule mafft:
    input: ../../../data/kit14/opa_sequences_collated/EEE029b_VI_opa_2.fa
    output: ../../../data/kit14/opa_sequences_aligned/EEE029b_VI_opa_2.aln
    jobid: 19
    reason: Missing output files: ../../../data/kit14/opa_sequences_aligned/EEE029b_VI_opa_2.aln
    wildcards: sample=EEE029b_VI_opa_2
    resources: mem_mb=1000, mem_mib=954, disk_mb=1000, disk_mib=954, tmpdir=/tmp, cpus=1, time=60, partition=serial_requeue


[Fri Nov 22 16:03:16 2024]
localrule mafft:
    input: ../../../data/kit14/opa_sequences_collated/EEE029a_VI_opa_3.fa
    output: ../../../data/kit14/opa_sequences_aligned/EEE029a_VI_opa_3.aln
    jobid: 7
    reason: Missing output files: ../../../data/kit14/opa_sequences_aligned/EEE029a_VI_opa_3.aln
    wildcards: sample=EEE029a_VI_opa_3
    resources: mem_mb=1000, mem_mib=954, disk_mb=1000, disk_mib=954, tmpdir=/tmp, cpus=1, time=60, partition=serial_requeue


[Fri Nov 22 16:03:16 2024]
localrule mafft:
    input: ../../../data/kit14/opa_sequences_collated/DGI_65_opa_1.fa
    output: ../../../data/kit14/opa_sequences_aligned/DGI_65_opa_1.aln
    jobid: 5
    reason: Missing output files: ../../../data/kit14/opa_sequences_aligned/DGI_65_opa_1.aln
    wildcards: sample=DGI_65_opa_1
    resources: mem_mb=1000, mem_mib=954, disk_mb=1000, disk_mib=954, tmpdir=/tmp, cpus=1, time=60, partition=serial_requeue


[Fri Nov 22 16:03:16 2024]
localrule mafft:
    input: ../../../data/kit14/opa_sequences_collated/EEE029b_VI_opa_3.fa
    output: ../../../data/kit14/opa_sequences_aligned/EEE029b_VI_opa_3.aln
    jobid: 61
    reason: Missing output files: ../../../data/kit14/opa_sequences_aligned/EEE029b_VI_opa_3.aln
    wildcards: sample=EEE029b_VI_opa_3
    resources: mem_mb=1000, mem_mib=954, disk_mb=1000, disk_mib=954, tmpdir=/tmp, cpus=1, time=60, partition=serial_requeue


[Fri Nov 22 16:03:16 2024]
localrule mafft:
    input: ../../../data/kit14/opa_sequences_collated/DGI_65_opa_6.fa
    output: ../../../data/kit14/opa_sequences_aligned/DGI_65_opa_6.aln
    jobid: 54
    reason: Missing output files: ../../../data/kit14/opa_sequences_aligned/DGI_65_opa_6.aln
    wildcards: sample=DGI_65_opa_6
    resources: mem_mb=1000, mem_mib=954, disk_mb=1000, disk_mib=954, tmpdir=/tmp, cpus=1, time=60, partition=serial_requeue


[Fri Nov 22 16:03:16 2024]
localrule mafft:
    input: ../../../data/kit14/opa_sequences_collated/EEE029a_VI_opa_8.fa
    output: ../../../data/kit14/opa_sequences_aligned/EEE029a_VI_opa_8.aln
    jobid: 3
    reason: Missing output files: ../../../data/kit14/opa_sequences_aligned/EEE029a_VI_opa_8.aln
    wildcards: sample=EEE029a_VI_opa_8
    resources: mem_mb=1000, mem_mib=954, disk_mb=1000, disk_mib=954, tmpdir=/tmp, cpus=1, time=60, partition=serial_requeue


[Fri Nov 22 16:03:16 2024]
localrule mafft:
    input: ../../../data/kit14/opa_sequences_collated/EEE029_opa_1.fa
    output: ../../../data/kit14/opa_sequences_aligned/EEE029_opa_1.aln
    jobid: 47
    reason: Missing output files: ../../../data/kit14/opa_sequences_aligned/EEE029_opa_1.aln
    wildcards: sample=EEE029_opa_1
    resources: mem_mb=1000, mem_mib=954, disk_mb=1000, disk_mib=954, tmpdir=/tmp, cpus=1, time=60, partition=serial_requeue


[Fri Nov 22 16:03:16 2024]
localrule mafft:
    input: ../../../data/kit14/opa_sequences_collated/EEE029a_VI_opa_4.fa
    output: ../../../data/kit14/opa_sequences_aligned/EEE029a_VI_opa_4.aln
    jobid: 40
    reason: Missing output files: ../../../data/kit14/opa_sequences_aligned/EEE029a_VI_opa_4.aln
    wildcards: sample=EEE029a_VI_opa_4
    resources: mem_mb=1000, mem_mib=954, disk_mb=1000, disk_mib=954, tmpdir=/tmp, cpus=1, time=60, partition=serial_requeue


[Fri Nov 22 16:03:16 2024]
localrule mafft:
    input: ../../../data/kit14/opa_sequences_collated/EEE029a_VI_opa_6.fa
    output: ../../../data/kit14/opa_sequences_aligned/EEE029a_VI_opa_6.aln
    jobid: 33
    reason: Missing output files: ../../../data/kit14/opa_sequences_aligned/EEE029a_VI_opa_6.aln
    wildcards: sample=EEE029a_VI_opa_6
    resources: mem_mb=1000, mem_mib=954, disk_mb=1000, disk_mib=954, tmpdir=/tmp, cpus=1, time=60, partition=serial_requeue


[Fri Nov 22 16:03:16 2024]
localrule mafft:
    input: ../../../data/kit14/opa_sequences_collated/DGI_65a_II_opa_4.fa
    output: ../../../data/kit14/opa_sequences_aligned/DGI_65a_II_opa_4.aln
    jobid: 27
    reason: Missing output files: ../../../data/kit14/opa_sequences_aligned/DGI_65a_II_opa_4.aln
    wildcards: sample=DGI_65a_II_opa_4
    resources: mem_mb=1000, mem_mib=954, disk_mb=1000, disk_mib=954, tmpdir=/tmp, cpus=1, time=60, partition=serial_requeue


[Fri Nov 22 16:03:16 2024]
localrule mafft:
    input: ../../../data/kit14/opa_sequences_collated/EEE029_opa_9.fa
    output: ../../../data/kit14/opa_sequences_aligned/EEE029_opa_9.aln
    jobid: 20
    reason: Missing output files: ../../../data/kit14/opa_sequences_aligned/EEE029_opa_9.aln
    wildcards: sample=EEE029_opa_9
    resources: mem_mb=1000, mem_mib=954, disk_mb=1000, disk_mib=954, tmpdir=/tmp, cpus=1, time=60, partition=serial_requeue


[Fri Nov 22 16:03:16 2024]
localrule mafft:
    input: ../../../data/kit14/opa_sequences_collated/EEE029b_VI_opa_4.fa
    output: ../../../data/kit14/opa_sequences_aligned/EEE029b_VI_opa_4.aln
    jobid: 8
    reason: Missing output files: ../../../data/kit14/opa_sequences_aligned/EEE029b_VI_opa_4.aln
    wildcards: sample=EEE029b_VI_opa_4
    resources: mem_mb=1000, mem_mib=954, disk_mb=1000, disk_mib=954, tmpdir=/tmp, cpus=1, time=60, partition=serial_requeue


[Fri Nov 22 16:03:16 2024]
localrule mafft:
    input: ../../../data/kit14/opa_sequences_collated/EEE029b_VI_opa_10.fa
    output: ../../../data/kit14/opa_sequences_aligned/EEE029b_VI_opa_10.aln
    jobid: 15
    reason: Missing output files: ../../../data/kit14/opa_sequences_aligned/EEE029b_VI_opa_10.aln
    wildcards: sample=EEE029b_VI_opa_10
    resources: mem_mb=1000, mem_mib=954, disk_mb=1000, disk_mib=954, tmpdir=/tmp, cpus=1, time=60, partition=serial_requeue


[Fri Nov 22 16:03:16 2024]
localrule mafft:
    input: ../../../data/kit14/opa_sequences_collated/EEE029_opa_4.fa
    output: ../../../data/kit14/opa_sequences_aligned/EEE029_opa_4.aln
    jobid: 62
    reason: Missing output files: ../../../data/kit14/opa_sequences_aligned/EEE029_opa_4.aln
    wildcards: sample=EEE029_opa_4
    resources: mem_mb=1000, mem_mib=954, disk_mb=1000, disk_mib=954, tmpdir=/tmp, cpus=1, time=60, partition=serial_requeue


[Fri Nov 22 16:03:16 2024]
localrule mafft:
    input: ../../../data/kit14/opa_sequences_collated/EEE029a_VI_opa_7.fa
    output: ../../../data/kit14/opa_sequences_aligned/EEE029a_VI_opa_7.aln
    jobid: 55
    reason: Missing output files: ../../../data/kit14/opa_sequences_aligned/EEE029a_VI_opa_7.aln
    wildcards: sample=EEE029a_VI_opa_7
    resources: mem_mb=1000, mem_mib=954, disk_mb=1000, disk_mib=954, tmpdir=/tmp, cpus=1, time=60, partition=serial_requeue


[Fri Nov 22 16:03:16 2024]
localrule mafft:
    input: ../../../data/kit14/opa_sequences_collated/DGI_65b_IV_opa_9.fa
    output: ../../../data/kit14/opa_sequences_aligned/DGI_65b_IV_opa_9.aln
    jobid: 48
    reason: Missing output files: ../../../data/kit14/opa_sequences_aligned/DGI_65b_IV_opa_9.aln
    wildcards: sample=DGI_65b_IV_opa_9
    resources: mem_mb=1000, mem_mib=954, disk_mb=1000, disk_mib=954, tmpdir=/tmp, cpus=1, time=60, partition=serial_requeue


[Fri Nov 22 16:03:16 2024]
localrule mafft:
    input: ../../../data/kit14/opa_sequences_collated/DGI_65b_IV_opa_10.fa
    output: ../../../data/kit14/opa_sequences_aligned/DGI_65b_IV_opa_10.aln
    jobid: 41
    reason: Missing output files: ../../../data/kit14/opa_sequences_aligned/DGI_65b_IV_opa_10.aln
    wildcards: sample=DGI_65b_IV_opa_10
    resources: mem_mb=1000, mem_mib=954, disk_mb=1000, disk_mib=954, tmpdir=/tmp, cpus=1, time=60, partition=serial_requeue


[Fri Nov 22 16:03:16 2024]
localrule mafft:
    input: ../../../data/kit14/opa_sequences_collated/EEE029_opa_5.fa
    output: ../../../data/kit14/opa_sequences_aligned/EEE029_opa_5.aln
    jobid: 34
    reason: Missing output files: ../../../data/kit14/opa_sequences_aligned/EEE029_opa_5.aln
    wildcards: sample=EEE029_opa_5
    resources: mem_mb=1000, mem_mib=954, disk_mb=1000, disk_mib=954, tmpdir=/tmp, cpus=1, time=60, partition=serial_requeue


[Fri Nov 22 16:03:16 2024]
localrule mafft:
    input: ../../../data/kit14/opa_sequences_collated/EEE029_opa_10.fa
    output: ../../../data/kit14/opa_sequences_aligned/EEE029_opa_10.aln
    jobid: 28
    reason: Missing output files: ../../../data/kit14/opa_sequences_aligned/EEE029_opa_10.aln
    wildcards: sample=EEE029_opa_10
    resources: mem_mb=1000, mem_mib=954, disk_mb=1000, disk_mib=954, tmpdir=/tmp, cpus=1, time=60, partition=serial_requeue


[Fri Nov 22 16:03:16 2024]
localrule mafft:
    input: ../../../data/kit14/opa_sequences_collated/EEE029a_VI_opa_9.fa
    output: ../../../data/kit14/opa_sequences_aligned/EEE029a_VI_opa_9.aln
    jobid: 21
    reason: Missing output files: ../../../data/kit14/opa_sequences_aligned/EEE029a_VI_opa_9.aln
    wildcards: sample=EEE029a_VI_opa_9
    resources: mem_mb=1000, mem_mib=954, disk_mb=1000, disk_mib=954, tmpdir=/tmp, cpus=1, time=60, partition=serial_requeue


[Fri Nov 22 16:03:16 2024]
localrule mafft:
    input: ../../../data/kit14/opa_sequences_collated/EEE029a_VI_opa_2.fa
    output: ../../../data/kit14/opa_sequences_aligned/EEE029a_VI_opa_2.aln
    jobid: 9
    reason: Missing output files: ../../../data/kit14/opa_sequences_aligned/EEE029a_VI_opa_2.aln
    wildcards: sample=EEE029a_VI_opa_2
    resources: mem_mb=1000, mem_mib=954, disk_mb=1000, disk_mib=954, tmpdir=/tmp, cpus=1, time=60, partition=serial_requeue


[Fri Nov 22 16:03:16 2024]
localrule mafft:
    input: ../../../data/kit14/opa_sequences_collated/DGI_65b_IV_opa_6.fa
    output: ../../../data/kit14/opa_sequences_aligned/DGI_65b_IV_opa_6.aln
    jobid: 12
    reason: Missing output files: ../../../data/kit14/opa_sequences_aligned/DGI_65b_IV_opa_6.aln
    wildcards: sample=DGI_65b_IV_opa_6
    resources: mem_mb=1000, mem_mib=954, disk_mb=1000, disk_mib=954, tmpdir=/tmp, cpus=1, time=60, partition=serial_requeue


[Fri Nov 22 16:03:16 2024]
localrule mafft:
    input: ../../../data/kit14/opa_sequences_collated/EEE029a_VI_opa_10.fa
    output: ../../../data/kit14/opa_sequences_aligned/EEE029a_VI_opa_10.aln
    jobid: 63
    reason: Missing output files: ../../../data/kit14/opa_sequences_aligned/EEE029a_VI_opa_10.aln
    wildcards: sample=EEE029a_VI_opa_10
    resources: mem_mb=1000, mem_mib=954, disk_mb=1000, disk_mib=954, tmpdir=/tmp, cpus=1, time=60, partition=serial_requeue


[Fri Nov 22 16:03:16 2024]
localrule mafft:
    input: ../../../data/kit14/opa_sequences_collated/.ipynb_checkpoints/DGI_65a_II_opa_1-checkpoint.fa
    output: ../../../data/kit14/opa_sequences_aligned/.ipynb_checkpoints/DGI_65a_II_opa_1-checkpoint.aln
    jobid: 14
    reason: Missing output files: ../../../data/kit14/opa_sequences_aligned/.ipynb_checkpoints/DGI_65a_II_opa_1-checkpoint.aln
    wildcards: sample=.ipynb_checkpoints/DGI_65a_II_opa_1-checkpoint
    resources: mem_mb=1000, mem_mib=954, disk_mb=1000, disk_mib=954, tmpdir=/tmp, cpus=1, time=60, partition=serial_requeue


[Fri Nov 22 16:03:16 2024]
localrule mafft:
    input: ../../../data/kit14/opa_sequences_collated/DGI_65_opa_10.fa
    output: ../../../data/kit14/opa_sequences_aligned/DGI_65_opa_10.aln
    jobid: 56
    reason: Missing output files: ../../../data/kit14/opa_sequences_aligned/DGI_65_opa_10.aln
    wildcards: sample=DGI_65_opa_10
    resources: mem_mb=1000, mem_mib=954, disk_mb=1000, disk_mib=954, tmpdir=/tmp, cpus=1, time=60, partition=serial_requeue


[Fri Nov 22 16:03:16 2024]
localrule mafft:
    input: ../../../data/kit14/opa_sequences_collated/EEE029b_VI_opa_8.fa
    output: ../../../data/kit14/opa_sequences_aligned/EEE029b_VI_opa_8.aln
    jobid: 49
    reason: Missing output files: ../../../data/kit14/opa_sequences_aligned/EEE029b_VI_opa_8.aln
    wildcards: sample=EEE029b_VI_opa_8
    resources: mem_mb=1000, mem_mib=954, disk_mb=1000, disk_mib=954, tmpdir=/tmp, cpus=1, time=60, partition=serial_requeue


[Fri Nov 22 16:03:16 2024]
localrule mafft:
    input: ../../../data/kit14/opa_sequences_collated/EEE029_opa_6.fa
    output: ../../../data/kit14/opa_sequences_aligned/EEE029_opa_6.aln
    jobid: 42
    reason: Missing output files: ../../../data/kit14/opa_sequences_aligned/EEE029_opa_6.aln
    wildcards: sample=EEE029_opa_6
    resources: mem_mb=1000, mem_mib=954, disk_mb=1000, disk_mib=954, tmpdir=/tmp, cpus=1, time=60, partition=serial_requeue


[Fri Nov 22 16:03:16 2024]
localrule mafft:
    input: ../../../data/kit14/opa_sequences_collated/DGI_65_opa_4.fa
    output: ../../../data/kit14/opa_sequences_aligned/DGI_65_opa_4.aln
    jobid: 35
    reason: Missing output files: ../../../data/kit14/opa_sequences_aligned/DGI_65_opa_4.aln
    wildcards: sample=DGI_65_opa_4
    resources: mem_mb=1000, mem_mib=954, disk_mb=1000, disk_mib=954, tmpdir=/tmp, cpus=1, time=60, partition=serial_requeue


[Fri Nov 22 16:03:16 2024]
localrule mafft:
    input: ../../../data/kit14/opa_sequences_collated/EEE029b_VI_opa_6.fa
    output: ../../../data/kit14/opa_sequences_aligned/EEE029b_VI_opa_6.aln
    jobid: 29
    reason: Missing output files: ../../../data/kit14/opa_sequences_aligned/EEE029b_VI_opa_6.aln
    wildcards: sample=EEE029b_VI_opa_6
    resources: mem_mb=1000, mem_mib=954, disk_mb=1000, disk_mib=954, tmpdir=/tmp, cpus=1, time=60, partition=serial_requeue


[Fri Nov 22 16:03:16 2024]
localrule mafft:
    input: ../../../data/kit14/opa_sequences_collated/DGI_65b_IV_opa_8.fa
    output: ../../../data/kit14/opa_sequences_aligned/DGI_65b_IV_opa_8.aln
    jobid: 22
    reason: Missing output files: ../../../data/kit14/opa_sequences_aligned/DGI_65b_IV_opa_8.aln
    wildcards: sample=DGI_65b_IV_opa_8
    resources: mem_mb=1000, mem_mib=954, disk_mb=1000, disk_mib=954, tmpdir=/tmp, cpus=1, time=60, partition=serial_requeue


[Fri Nov 22 16:03:16 2024]
localrule mafft:
    input: ../../../data/kit14/opa_sequences_collated/DGI_65_opa_2.fa
    output: ../../../data/kit14/opa_sequences_aligned/DGI_65_opa_2.aln
    jobid: 10
    reason: Missing output files: ../../../data/kit14/opa_sequences_aligned/DGI_65_opa_2.aln
    wildcards: sample=DGI_65_opa_2
    resources: mem_mb=1000, mem_mib=954, disk_mb=1000, disk_mib=954, tmpdir=/tmp, cpus=1, time=60, partition=serial_requeue


[Fri Nov 22 16:03:16 2024]
localrule mafft:
    input: ../../../data/kit14/opa_sequences_collated/DGI_65a_II_opa_7.fa
    output: ../../../data/kit14/opa_sequences_aligned/DGI_65a_II_opa_7.aln
    jobid: 6
    reason: Missing output files: ../../../data/kit14/opa_sequences_aligned/DGI_65a_II_opa_7.aln
    wildcards: sample=DGI_65a_II_opa_7
    resources: mem_mb=1000, mem_mib=954, disk_mb=1000, disk_mib=954, tmpdir=/tmp, cpus=1, time=60, partition=serial_requeue


[Fri Nov 22 16:03:16 2024]
localrule mafft:
    input: ../../../data/kit14/opa_sequences_collated/DGI_65_opa_3.fa
    output: ../../../data/kit14/opa_sequences_aligned/DGI_65_opa_3.aln
    jobid: 64
    reason: Missing output files: ../../../data/kit14/opa_sequences_aligned/DGI_65_opa_3.aln
    wildcards: sample=DGI_65_opa_3
    resources: mem_mb=1000, mem_mib=954, disk_mb=1000, disk_mib=954, tmpdir=/tmp, cpus=1, time=60, partition=serial_requeue


[Fri Nov 22 16:03:16 2024]
localrule mafft:
    input: ../../../data/kit14/opa_sequences_collated/EEE029b_VI_opa_1.fa
    output: ../../../data/kit14/opa_sequences_aligned/EEE029b_VI_opa_1.aln
    jobid: 1
    reason: Missing output files: ../../../data/kit14/opa_sequences_aligned/EEE029b_VI_opa_1.aln
    wildcards: sample=EEE029b_VI_opa_1
    resources: mem_mb=1000, mem_mib=954, disk_mb=1000, disk_mib=954, tmpdir=/tmp, cpus=1, time=60, partition=serial_requeue


[Fri Nov 22 16:03:16 2024]
localrule mafft:
    input: ../../../data/kit14/opa_sequences_collated/EEE029b_VI_opa_11.fa
    output: ../../../data/kit14/opa_sequences_aligned/EEE029b_VI_opa_11.aln
    jobid: 57
    reason: Missing output files: ../../../data/kit14/opa_sequences_aligned/EEE029b_VI_opa_11.aln
    wildcards: sample=EEE029b_VI_opa_11
    resources: mem_mb=1000, mem_mib=954, disk_mb=1000, disk_mib=954, tmpdir=/tmp, cpus=1, time=60, partition=serial_requeue


[Fri Nov 22 16:03:16 2024]
localrule mafft:
    input: ../../../data/kit14/opa_sequences_collated/EEE029b_VI_opa_9.fa
    output: ../../../data/kit14/opa_sequences_aligned/EEE029b_VI_opa_9.aln
    jobid: 50
    reason: Missing output files: ../../../data/kit14/opa_sequences_aligned/EEE029b_VI_opa_9.aln
    wildcards: sample=EEE029b_VI_opa_9
    resources: mem_mb=1000, mem_mib=954, disk_mb=1000, disk_mib=954, tmpdir=/tmp, cpus=1, time=60, partition=serial_requeue


[Fri Nov 22 16:03:16 2024]
localrule mafft:
    input: ../../../data/kit14/opa_sequences_collated/DGI_65a_II_opa_3.fa
    output: ../../../data/kit14/opa_sequences_aligned/DGI_65a_II_opa_3.aln
    jobid: 43
    reason: Missing output files: ../../../data/kit14/opa_sequences_aligned/DGI_65a_II_opa_3.aln
    wildcards: sample=DGI_65a_II_opa_3
    resources: mem_mb=1000, mem_mib=954, disk_mb=1000, disk_mib=954, tmpdir=/tmp, cpus=1, time=60, partition=serial_requeue


[Fri Nov 22 16:03:16 2024]
localrule mafft:
    input: ../../../data/kit14/opa_sequences_collated/DGI_65_opa_5.fa
    output: ../../../data/kit14/opa_sequences_aligned/DGI_65_opa_5.aln
    jobid: 36
    reason: Missing output files: ../../../data/kit14/opa_sequences_aligned/DGI_65_opa_5.aln
    wildcards: sample=DGI_65_opa_5
    resources: mem_mb=1000, mem_mib=954, disk_mb=1000, disk_mib=954, tmpdir=/tmp, cpus=1, time=60, partition=serial_requeue


[Fri Nov 22 16:03:16 2024]
localrule mafft:
    input: ../../../data/kit14/opa_sequences_collated/EEE029a_VI_opa_5.fa
    output: ../../../data/kit14/opa_sequences_aligned/EEE029a_VI_opa_5.aln
    jobid: 30
    reason: Missing output files: ../../../data/kit14/opa_sequences_aligned/EEE029a_VI_opa_5.aln
    wildcards: sample=EEE029a_VI_opa_5
    resources: mem_mb=1000, mem_mib=954, disk_mb=1000, disk_mib=954, tmpdir=/tmp, cpus=1, time=60, partition=serial_requeue


[Fri Nov 22 16:03:16 2024]
localrule mafft:
    input: ../../../data/kit14/opa_sequences_collated/DGI_65b_IV_opa_1.fa
    output: ../../../data/kit14/opa_sequences_aligned/DGI_65b_IV_opa_1.aln
    jobid: 23
    reason: Missing output files: ../../../data/kit14/opa_sequences_aligned/DGI_65b_IV_opa_1.aln
    wildcards: sample=DGI_65b_IV_opa_1
    resources: mem_mb=1000, mem_mib=954, disk_mb=1000, disk_mib=954, tmpdir=/tmp, cpus=1, time=60, partition=serial_requeue


[Fri Nov 22 16:03:16 2024]
localrule mafft:
    input: ../../../data/kit14/opa_sequences_collated/DGI_65_opa_7.fa
    output: ../../../data/kit14/opa_sequences_aligned/DGI_65_opa_7.aln
    jobid: 16
    reason: Missing output files: ../../../data/kit14/opa_sequences_aligned/DGI_65_opa_7.aln
    wildcards: sample=DGI_65_opa_7
    resources: mem_mb=1000, mem_mib=954, disk_mb=1000, disk_mib=954, tmpdir=/tmp, cpus=1, time=60, partition=serial_requeue


[Fri Nov 22 16:03:16 2024]
localrule mafft:
    input: ../../../data/kit14/opa_sequences_collated/EEE029_opa_8.fa
    output: ../../../data/kit14/opa_sequences_aligned/EEE029_opa_8.aln
    jobid: 2
    reason: Missing output files: ../../../data/kit14/opa_sequences_aligned/EEE029_opa_8.aln
    wildcards: sample=EEE029_opa_8
    resources: mem_mb=1000, mem_mib=954, disk_mb=1000, disk_mib=954, tmpdir=/tmp, cpus=1, time=60, partition=serial_requeue


[Fri Nov 22 16:03:16 2024]
localrule mafft:
    input: ../../../data/kit14/opa_sequences_collated/DGI_65b_IV_opa_5.fa
    output: ../../../data/kit14/opa_sequences_aligned/DGI_65b_IV_opa_5.aln
    jobid: 58
    reason: Missing output files: ../../../data/kit14/opa_sequences_aligned/DGI_65b_IV_opa_5.aln
    wildcards: sample=DGI_65b_IV_opa_5
    resources: mem_mb=1000, mem_mib=954, disk_mb=1000, disk_mib=954, tmpdir=/tmp, cpus=1, time=60, partition=serial_requeue


[Fri Nov 22 16:03:16 2024]
localrule mafft:
    input: ../../../data/kit14/opa_sequences_collated/DGI_65b_IV_opa_4.fa
    output: ../../../data/kit14/opa_sequences_aligned/DGI_65b_IV_opa_4.aln
    jobid: 51
    reason: Missing output files: ../../../data/kit14/opa_sequences_aligned/DGI_65b_IV_opa_4.aln
    wildcards: sample=DGI_65b_IV_opa_4
    resources: mem_mb=1000, mem_mib=954, disk_mb=1000, disk_mib=954, tmpdir=/tmp, cpus=1, time=60, partition=serial_requeue


[Fri Nov 22 16:03:16 2024]
localrule mafft:
    input: ../../../data/kit14/opa_sequences_collated/DGI_65b_IV_opa_3.fa
    output: ../../../data/kit14/opa_sequences_aligned/DGI_65b_IV_opa_3.aln
    jobid: 44
    reason: Missing output files: ../../../data/kit14/opa_sequences_aligned/DGI_65b_IV_opa_3.aln
    wildcards: sample=DGI_65b_IV_opa_3
    resources: mem_mb=1000, mem_mib=954, disk_mb=1000, disk_mib=954, tmpdir=/tmp, cpus=1, time=60, partition=serial_requeue


[Fri Nov 22 16:03:16 2024]
localrule mafft:
    input: ../../../data/kit14/opa_sequences_collated/DGI_65b_IV_opa_7.fa
    output: ../../../data/kit14/opa_sequences_aligned/DGI_65b_IV_opa_7.aln
    jobid: 37
    reason: Missing output files: ../../../data/kit14/opa_sequences_aligned/DGI_65b_IV_opa_7.aln
    wildcards: sample=DGI_65b_IV_opa_7
    resources: mem_mb=1000, mem_mib=954, disk_mb=1000, disk_mib=954, tmpdir=/tmp, cpus=1, time=60, partition=serial_requeue


[Fri Nov 22 16:03:16 2024]
localrule mafft:
    input: ../../../data/kit14/opa_sequences_collated/DGI_65b_IV_opa_2.fa
    output: ../../../data/kit14/opa_sequences_aligned/DGI_65b_IV_opa_2.aln
    jobid: 24
    reason: Missing output files: ../../../data/kit14/opa_sequences_aligned/DGI_65b_IV_opa_2.aln
    wildcards: sample=DGI_65b_IV_opa_2
    resources: mem_mb=1000, mem_mib=954, disk_mb=1000, disk_mib=954, tmpdir=/tmp, cpus=1, time=60, partition=serial_requeue


[Fri Nov 22 16:03:16 2024]
localrule mafft:
    input: ../../../data/kit14/opa_sequences_collated/DGI_65a_II_opa_9.fa
    output: ../../../data/kit14/opa_sequences_aligned/DGI_65a_II_opa_9.aln
    jobid: 17
    reason: Missing output files: ../../../data/kit14/opa_sequences_aligned/DGI_65a_II_opa_9.aln
    wildcards: sample=DGI_65a_II_opa_9
    resources: mem_mb=1000, mem_mib=954, disk_mb=1000, disk_mib=954, tmpdir=/tmp, cpus=1, time=60, partition=serial_requeue


[Fri Nov 22 16:03:16 2024]
localrule mafft:
    input: ../../../data/kit14/opa_sequences_collated/DGI_65a_II_opa_5.fa
    output: ../../../data/kit14/opa_sequences_aligned/DGI_65a_II_opa_5.aln
    jobid: 13
    reason: Missing output files: ../../../data/kit14/opa_sequences_aligned/DGI_65a_II_opa_5.aln
    wildcards: sample=DGI_65a_II_opa_5
    resources: mem_mb=1000, mem_mib=954, disk_mb=1000, disk_mib=954, tmpdir=/tmp, cpus=1, time=60, partition=serial_requeue


[Fri Nov 22 16:03:16 2024]
localrule mafft:
    input: ../../../data/kit14/opa_sequences_collated/EEE029_opa_2.fa
    output: ../../../data/kit14/opa_sequences_aligned/EEE029_opa_2.aln
    jobid: 59
    reason: Missing output files: ../../../data/kit14/opa_sequences_aligned/EEE029_opa_2.aln
    wildcards: sample=EEE029_opa_2
    resources: mem_mb=1000, mem_mib=954, disk_mb=1000, disk_mib=954, tmpdir=/tmp, cpus=1, time=60, partition=serial_requeue


[Fri Nov 22 16:03:16 2024]
localrule mafft:
    input: ../../../data/kit14/opa_sequences_collated/DGI_65a_II_opa_10.fa
    output: ../../../data/kit14/opa_sequences_aligned/DGI_65a_II_opa_10.aln
    jobid: 52
    reason: Missing output files: ../../../data/kit14/opa_sequences_aligned/DGI_65a_II_opa_10.aln
    wildcards: sample=DGI_65a_II_opa_10
    resources: mem_mb=1000, mem_mib=954, disk_mb=1000, disk_mib=954, tmpdir=/tmp, cpus=1, time=60, partition=serial_requeue

Activating conda environment: ../../../../../../../../../../../../n/home13/qinqinyu/.conda/envs/e2567a912f876d4b0a43b53b260518c9_
Activating conda environment: ../../../../../../../../../../../../n/home13/qinqinyu/.conda/envs/e2567a912f876d4b0a43b53b260518c9_
[Fri Nov 22 16:03:20 2024]
Finished job 11.
1 of 65 steps (2%) done
[Fri Nov 22 16:03:20 2024]
Finished job 38.
2 of 65 steps (3%) done
Activating conda environment: ../../../../../../../../../../../../n/home13/qinqinyu/.conda/envs/e2567a912f876d4b0a43b53b260518c9_
Activating conda environment: ../../../../../../../../../../../../n/home13/qinqinyu/.conda/envs/e2567a912f876d4b0a43b53b260518c9_
Activating conda environment: ../../../../../../../../../../../../n/home13/qinqinyu/.conda/envs/e2567a912f876d4b0a43b53b260518c9_
Activating conda environment: ../../../../../../../../../../../../n/home13/qinqinyu/.conda/envs/e2567a912f876d4b0a43b53b260518c9_
[Fri Nov 22 16:03:20 2024]
Finished job 25.
3 of 65 steps (5%) done
[Fri Nov 22 16:03:20 2024]
Finished job 45.
4 of 65 steps (6%) done
[Fri Nov 22 16:03:20 2024]
Finished job 18.
5 of 65 steps (8%) done
[Fri Nov 22 16:03:20 2024]
Finished job 31.
6 of 65 steps (9%) done
Activating conda environment: ../../../../../../../../../../../../n/home13/qinqinyu/.conda/envs/e2567a912f876d4b0a43b53b260518c9_
[Fri Nov 22 16:03:23 2024]
Finished job 4.
7 of 65 steps (11%) done
Activating conda environment: ../../../../../../../../../../../../n/home13/qinqinyu/.conda/envs/e2567a912f876d4b0a43b53b260518c9_
[Fri Nov 22 16:03:23 2024]
Finished job 46.
8 of 65 steps (12%) done
Activating conda environment: ../../../../../../../../../../../../n/home13/qinqinyu/.conda/envs/e2567a912f876d4b0a43b53b260518c9_
Activating conda environment: ../../../../../../../../../../../../n/home13/qinqinyu/.conda/envs/e2567a912f876d4b0a43b53b260518c9_
[Fri Nov 22 16:03:23 2024]
Finished job 32.
9 of 65 steps (14%) done
[Fri Nov 22 16:03:23 2024]
Finished job 39.
10 of 65 steps (15%) done
Activating conda environment: ../../../../../../../../../../../../n/home13/qinqinyu/.conda/envs/e2567a912f876d4b0a43b53b260518c9_
Activating conda environment: ../../../../../../../../../../../../n/home13/qinqinyu/.conda/envs/e2567a912f876d4b0a43b53b260518c9_
[Fri Nov 22 16:03:23 2024]
Finished job 60.
11 of 65 steps (17%) done
[Fri Nov 22 16:03:23 2024]
Finished job 53.
12 of 65 steps (18%) done
Activating conda environment: ../../../../../../../../../../../../n/home13/qinqinyu/.conda/envs/e2567a912f876d4b0a43b53b260518c9_
[Fri Nov 22 16:03:27 2024]
Finished job 26.
13 of 65 steps (20%) done
Activating conda environment: ../../../../../../../../../../../../n/home13/qinqinyu/.conda/envs/e2567a912f876d4b0a43b53b260518c9_
[Fri Nov 22 16:03:27 2024]
Finished job 19.
14 of 65 steps (22%) done
Activating conda environment: ../../../../../../../../../../../../n/home13/qinqinyu/.conda/envs/e2567a912f876d4b0a43b53b260518c9_
Activating conda environment: ../../../../../../../../../../../../n/home13/qinqinyu/.conda/envs/e2567a912f876d4b0a43b53b260518c9_
[Fri Nov 22 16:03:27 2024]
Finished job 7.
15 of 65 steps (23%) done
[Fri Nov 22 16:03:27 2024]
Finished job 61.
16 of 65 steps (25%) done
Activating conda environment: ../../../../../../../../../../../../n/home13/qinqinyu/.conda/envs/e2567a912f876d4b0a43b53b260518c9_
[Fri Nov 22 16:03:27 2024]
Finished job 5.
17 of 65 steps (26%) done
Activating conda environment: ../../../../../../../../../../../../n/home13/qinqinyu/.conda/envs/e2567a912f876d4b0a43b53b260518c9_
[Fri Nov 22 16:03:27 2024]
Finished job 54.
18 of 65 steps (28%) done
Activating conda environment: ../../../../../../../../../../../../n/home13/qinqinyu/.conda/envs/e2567a912f876d4b0a43b53b260518c9_
[Fri Nov 22 16:03:30 2024]
Finished job 3.
19 of 65 steps (29%) done
Activating conda environment: ../../../../../../../../../../../../n/home13/qinqinyu/.conda/envs/e2567a912f876d4b0a43b53b260518c9_
[Fri Nov 22 16:03:30 2024]
Finished job 33.
20 of 65 steps (31%) done
Activating conda environment: ../../../../../../../../../../../../n/home13/qinqinyu/.conda/envs/e2567a912f876d4b0a43b53b260518c9_
Activating conda environment: ../../../../../../../../../../../../n/home13/qinqinyu/.conda/envs/e2567a912f876d4b0a43b53b260518c9_
[Fri Nov 22 16:03:30 2024]
Finished job 40.
21 of 65 steps (32%) done
[Fri Nov 22 16:03:30 2024]
Finished job 27.
22 of 65 steps (34%) done
Activating conda environment: ../../../../../../../../../../../../n/home13/qinqinyu/.conda/envs/e2567a912f876d4b0a43b53b260518c9_
[Fri Nov 22 16:03:30 2024]
Finished job 47.
23 of 65 steps (35%) done
Activating conda environment: ../../../../../../../../../../../../n/home13/qinqinyu/.conda/envs/e2567a912f876d4b0a43b53b260518c9_
[Fri Nov 22 16:03:31 2024]
Finished job 20.
24 of 65 steps (37%) done
Activating conda environment: ../../../../../../../../../../../../n/home13/qinqinyu/.conda/envs/e2567a912f876d4b0a43b53b260518c9_
[Fri Nov 22 16:03:34 2024]
Finished job 8.
25 of 65 steps (38%) done
Activating conda environment: ../../../../../../../../../../../../n/home13/qinqinyu/.conda/envs/e2567a912f876d4b0a43b53b260518c9_
[Fri Nov 22 16:03:34 2024]
Finished job 15.
26 of 65 steps (40%) done
Activating conda environment: ../../../../../../../../../../../../n/home13/qinqinyu/.conda/envs/e2567a912f876d4b0a43b53b260518c9_
[Fri Nov 22 16:03:34 2024]
Finished job 55.
27 of 65 steps (42%) done
Activating conda environment: ../../../../../../../../../../../../n/home13/qinqinyu/.conda/envs/e2567a912f876d4b0a43b53b260518c9_
Activating conda environment: ../../../../../../../../../../../../n/home13/qinqinyu/.conda/envs/e2567a912f876d4b0a43b53b260518c9_
[Fri Nov 22 16:03:34 2024]
Finished job 48.
28 of 65 steps (43%) done
[Fri Nov 22 16:03:34 2024]
Finished job 41.
29 of 65 steps (45%) done
Activating conda environment: ../../../../../../../../../../../../n/home13/qinqinyu/.conda/envs/e2567a912f876d4b0a43b53b260518c9_
[Fri Nov 22 16:03:34 2024]
Finished job 62.
30 of 65 steps (46%) done
Activating conda environment: ../../../../../../../../../../../../n/home13/qinqinyu/.conda/envs/e2567a912f876d4b0a43b53b260518c9_
[Fri Nov 22 16:03:37 2024]
Finished job 21.
31 of 65 steps (48%) done
Activating conda environment: ../../../../../../../../../../../../n/home13/qinqinyu/.conda/envs/e2567a912f876d4b0a43b53b260518c9_
Activating conda environment: ../../../../../../../../../../../../n/home13/qinqinyu/.conda/envs/e2567a912f876d4b0a43b53b260518c9_
[Fri Nov 22 16:03:37 2024]
Finished job 9.
32 of 65 steps (49%) done
[Fri Nov 22 16:03:37 2024]
Finished job 12.
33 of 65 steps (51%) done
Activating conda environment: ../../../../../../../../../../../../n/home13/qinqinyu/.conda/envs/e2567a912f876d4b0a43b53b260518c9_
[Fri Nov 22 16:03:37 2024]
Finished job 34.
34 of 65 steps (52%) done
Activating conda environment: ../../../../../../../../../../../../n/home13/qinqinyu/.conda/envs/e2567a912f876d4b0a43b53b260518c9_
Activating conda environment: ../../../../../../../../../../../../n/home13/qinqinyu/.conda/envs/e2567a912f876d4b0a43b53b260518c9_
[Fri Nov 22 16:03:38 2024]
Finished job 28.
35 of 65 steps (54%) done
[Fri Nov 22 16:03:38 2024]
Finished job 63.
36 of 65 steps (55%) done
Activating conda environment: ../../../../../../../../../../../../n/home13/qinqinyu/.conda/envs/e2567a912f876d4b0a43b53b260518c9_
[Fri Nov 22 16:03:41 2024]
Finished job 14.
37 of 65 steps (57%) done
Activating conda environment: ../../../../../../../../../../../../n/home13/qinqinyu/.conda/envs/e2567a912f876d4b0a43b53b260518c9_
[Fri Nov 22 16:03:41 2024]
Finished job 49.
38 of 65 steps (58%) done
Activating conda environment: ../../../../../../../../../../../../n/home13/qinqinyu/.conda/envs/e2567a912f876d4b0a43b53b260518c9_
[Fri Nov 22 16:03:41 2024]
Finished job 29.
39 of 65 steps (60%) done
Activating conda environment: ../../../../../../../../../../../../n/home13/qinqinyu/.conda/envs/e2567a912f876d4b0a43b53b260518c9_
[Fri Nov 22 16:03:41 2024]
Finished job 42.
40 of 65 steps (62%) done
Activating conda environment: ../../../../../../../../../../../../n/home13/qinqinyu/.conda/envs/e2567a912f876d4b0a43b53b260518c9_
Activating conda environment: ../../../../../../../../../../../../n/home13/qinqinyu/.conda/envs/e2567a912f876d4b0a43b53b260518c9_
[Fri Nov 22 16:03:41 2024]
Finished job 56.
41 of 65 steps (63%) done
[Fri Nov 22 16:03:41 2024]
Finished job 35.
42 of 65 steps (65%) done
Activating conda environment: ../../../../../../../../../../../../n/home13/qinqinyu/.conda/envs/e2567a912f876d4b0a43b53b260518c9_
[Fri Nov 22 16:03:44 2024]
Finished job 22.
43 of 65 steps (66%) done
Activating conda environment: ../../../../../../../../../../../../n/home13/qinqinyu/.conda/envs/e2567a912f876d4b0a43b53b260518c9_
[Fri Nov 22 16:03:44 2024]
Finished job 6.
44 of 65 steps (68%) done
Activating conda environment: ../../../../../../../../../../../../n/home13/qinqinyu/.conda/envs/e2567a912f876d4b0a43b53b260518c9_
[Fri Nov 22 16:03:45 2024]
Finished job 1.
45 of 65 steps (69%) done
Activating conda environment: ../../../../../../../../../../../../n/home13/qinqinyu/.conda/envs/e2567a912f876d4b0a43b53b260518c9_
Activating conda environment: ../../../../../../../../../../../../n/home13/qinqinyu/.conda/envs/e2567a912f876d4b0a43b53b260518c9_
[Fri Nov 22 16:03:45 2024]
Finished job 57.
46 of 65 steps (71%) done
[Fri Nov 22 16:03:45 2024]
Finished job 10.
47 of 65 steps (72%) done
Activating conda environment: ../../../../../../../../../../../../n/home13/qinqinyu/.conda/envs/e2567a912f876d4b0a43b53b260518c9_
[Fri Nov 22 16:03:45 2024]
Finished job 64.
48 of 65 steps (74%) done
Activating conda environment: ../../../../../../../../../../../../n/home13/qinqinyu/.conda/envs/e2567a912f876d4b0a43b53b260518c9_
[Fri Nov 22 16:03:48 2024]
Finished job 50.
49 of 65 steps (75%) done
Activating conda environment: ../../../../../../../../../../../../n/home13/qinqinyu/.conda/envs/e2567a912f876d4b0a43b53b260518c9_
[Fri Nov 22 16:03:48 2024]
Finished job 43.
50 of 65 steps (77%) done
Activating conda environment: ../../../../../../../../../../../../n/home13/qinqinyu/.conda/envs/e2567a912f876d4b0a43b53b260518c9_
[Fri Nov 22 16:03:48 2024]
Finished job 30.
51 of 65 steps (78%) done
Activating conda environment: ../../../../../../../../../../../../n/home13/qinqinyu/.conda/envs/e2567a912f876d4b0a43b53b260518c9_
[Fri Nov 22 16:03:48 2024]
Finished job 23.
52 of 65 steps (80%) done
Activating conda environment: ../../../../../../../../../../../../n/home13/qinqinyu/.conda/envs/e2567a912f876d4b0a43b53b260518c9_
[Fri Nov 22 16:03:48 2024]
Finished job 36.
53 of 65 steps (82%) done
Activating conda environment: ../../../../../../../../../../../../n/home13/qinqinyu/.conda/envs/e2567a912f876d4b0a43b53b260518c9_
[Fri Nov 22 16:03:50 2024]
Finished job 16.
54 of 65 steps (83%) done
Activating conda environment: ../../../../../../../../../../../../n/home13/qinqinyu/.conda/envs/e2567a912f876d4b0a43b53b260518c9_
[Fri Nov 22 16:03:51 2024]
Finished job 58.
55 of 65 steps (85%) done
Activating conda environment: ../../../../../../../../../../../../n/home13/qinqinyu/.conda/envs/e2567a912f876d4b0a43b53b260518c9_
Activating conda environment: ../../../../../../../../../../../../n/home13/qinqinyu/.conda/envs/e2567a912f876d4b0a43b53b260518c9_
[Fri Nov 22 16:03:51 2024]
Finished job 44.
56 of 65 steps (86%) done
[Fri Nov 22 16:03:51 2024]
Finished job 51.
57 of 65 steps (88%) done
Activating conda environment: ../../../../../../../../../../../../n/home13/qinqinyu/.conda/envs/e2567a912f876d4b0a43b53b260518c9_
[Fri Nov 22 16:03:52 2024]
Finished job 2.
58 of 65 steps (89%) done
[Fri Nov 22 16:03:52 2024]
Finished job 37.
59 of 65 steps (91%) done
[Fri Nov 22 16:03:53 2024]
Finished job 24.
60 of 65 steps (92%) done
[Fri Nov 22 16:03:54 2024]
Finished job 17.
61 of 65 steps (94%) done
[Fri Nov 22 16:03:54 2024]
Finished job 13.
62 of 65 steps (95%) done
[Fri Nov 22 16:03:54 2024]
Finished job 59.
63 of 65 steps (97%) done
[Fri Nov 22 16:03:54 2024]
Finished job 52.
64 of 65 steps (98%) done
Select jobs to execute...

[Fri Nov 22 16:03:54 2024]
localrule all:
    input: ../../../data/kit14/opa_sequences_aligned/EEE029b_VI_opa_1.aln, ../../../data/kit14/opa_sequences_aligned/EEE029_opa_8.aln, ../../../data/kit14/opa_sequences_aligned/EEE029a_VI_opa_8.aln, ../../../data/kit14/opa_sequences_aligned/EEE029a_VI_opa_1.aln, ../../../data/kit14/opa_sequences_aligned/DGI_65_opa_1.aln, ../../../data/kit14/opa_sequences_aligned/DGI_65a_II_opa_7.aln, ../../../data/kit14/opa_sequences_aligned/EEE029a_VI_opa_3.aln, ../../../data/kit14/opa_sequences_aligned/EEE029b_VI_opa_4.aln, ../../../data/kit14/opa_sequences_aligned/EEE029a_VI_opa_2.aln, ../../../data/kit14/opa_sequences_aligned/DGI_65_opa_2.aln, ../../../data/kit14/opa_sequences_aligned/EEE029b_VI_opa_5.aln, ../../../data/kit14/opa_sequences_aligned/DGI_65b_IV_opa_6.aln, ../../../data/kit14/opa_sequences_aligned/DGI_65a_II_opa_5.aln, ../../../data/kit14/opa_sequences_aligned/.ipynb_checkpoints/DGI_65a_II_opa_1-checkpoint.aln, ../../../data/kit14/opa_sequences_aligned/EEE029b_VI_opa_10.aln, ../../../data/kit14/opa_sequences_aligned/DGI_65_opa_7.aln, ../../../data/kit14/opa_sequences_aligned/DGI_65a_II_opa_9.aln, ../../../data/kit14/opa_sequences_aligned/EEE029_opa_7.aln, ../../../data/kit14/opa_sequences_aligned/EEE029b_VI_opa_2.aln, ../../../data/kit14/opa_sequences_aligned/EEE029_opa_9.aln, ../../../data/kit14/opa_sequences_aligned/EEE029a_VI_opa_9.aln, ../../../data/kit14/opa_sequences_aligned/DGI_65b_IV_opa_8.aln, ../../../data/kit14/opa_sequences_aligned/DGI_65b_IV_opa_1.aln, ../../../data/kit14/opa_sequences_aligned/DGI_65b_IV_opa_2.aln, ../../../data/kit14/opa_sequences_aligned/DGI_65_opa_9.aln, ../../../data/kit14/opa_sequences_aligned/EEE029b_VI_opa_7.aln, ../../../data/kit14/opa_sequences_aligned/DGI_65a_II_opa_4.aln, ../../../data/kit14/opa_sequences_aligned/EEE029_opa_10.aln, ../../../data/kit14/opa_sequences_aligned/EEE029b_VI_opa_6.aln, ../../../data/kit14/opa_sequences_aligned/EEE029a_VI_opa_5.aln, ../../../data/kit14/opa_sequences_aligned/EEE029_opa_3.aln, ../../../data/kit14/opa_sequences_aligned/DGI_65a_II_opa_6.aln, ../../../data/kit14/opa_sequences_aligned/EEE029a_VI_opa_6.aln, ../../../data/kit14/opa_sequences_aligned/EEE029_opa_5.aln, ../../../data/kit14/opa_sequences_aligned/DGI_65_opa_4.aln, ../../../data/kit14/opa_sequences_aligned/DGI_65_opa_5.aln, ../../../data/kit14/opa_sequences_aligned/DGI_65b_IV_opa_7.aln, ../../../data/kit14/opa_sequences_aligned/DGI_65a_II_opa_2.aln, ../../../data/kit14/opa_sequences_aligned/EEE029a_VI_opa_11.aln, ../../../data/kit14/opa_sequences_aligned/EEE029a_VI_opa_4.aln, ../../../data/kit14/opa_sequences_aligned/DGI_65b_IV_opa_10.aln, ../../../data/kit14/opa_sequences_aligned/EEE029_opa_6.aln, ../../../data/kit14/opa_sequences_aligned/DGI_65a_II_opa_3.aln, ../../../data/kit14/opa_sequences_aligned/DGI_65b_IV_opa_3.aln, ../../../data/kit14/opa_sequences_aligned/DGI_65a_II_opa_8.aln, ../../../data/kit14/opa_sequences_aligned/DGI_65a_II_opa_1.aln, ../../../data/kit14/opa_sequences_aligned/EEE029_opa_1.aln, ../../../data/kit14/opa_sequences_aligned/DGI_65b_IV_opa_9.aln, ../../../data/kit14/opa_sequences_aligned/EEE029b_VI_opa_8.aln, ../../../data/kit14/opa_sequences_aligned/EEE029b_VI_opa_9.aln, ../../../data/kit14/opa_sequences_aligned/DGI_65b_IV_opa_4.aln, ../../../data/kit14/opa_sequences_aligned/DGI_65a_II_opa_10.aln, ../../../data/kit14/opa_sequences_aligned/EEE029_opa_11.aln, ../../../data/kit14/opa_sequences_aligned/DGI_65_opa_6.aln, ../../../data/kit14/opa_sequences_aligned/EEE029a_VI_opa_7.aln, ../../../data/kit14/opa_sequences_aligned/DGI_65_opa_10.aln, ../../../data/kit14/opa_sequences_aligned/EEE029b_VI_opa_11.aln, ../../../data/kit14/opa_sequences_aligned/DGI_65b_IV_opa_5.aln, ../../../data/kit14/opa_sequences_aligned/EEE029_opa_2.aln, ../../../data/kit14/opa_sequences_aligned/DGI_65_opa_8.aln, ../../../data/kit14/opa_sequences_aligned/EEE029b_VI_opa_3.aln, ../../../data/kit14/opa_sequences_aligned/EEE029_opa_4.aln, ../../../data/kit14/opa_sequences_aligned/EEE029a_VI_opa_10.aln, ../../../data/kit14/opa_sequences_aligned/DGI_65_opa_3.aln
    jobid: 0
    reason: Input files updated by another job: ../../../data/kit14/opa_sequences_aligned/EEE029_opa_8.aln, ../../../data/kit14/opa_sequences_aligned/EEE029b_VI_opa_2.aln, ../../../data/kit14/opa_sequences_aligned/DGI_65a_II_opa_8.aln, ../../../data/kit14/opa_sequences_aligned/EEE029a_VI_opa_3.aln, ../../../data/kit14/opa_sequences_aligned/EEE029b_VI_opa_3.aln, ../../../data/kit14/opa_sequences_aligned/DGI_65b_IV_opa_4.aln, ../../../data/kit14/opa_sequences_aligned/DGI_65b_IV_opa_10.aln, ../../../data/kit14/opa_sequences_aligned/DGI_65_opa_2.aln, ../../../data/kit14/opa_sequences_aligned/DGI_65_opa_7.aln, ../../../data/kit14/opa_sequences_aligned/EEE029b_VI_opa_10.aln, ../../../data/kit14/opa_sequences_aligned/DGI_65a_II_opa_3.aln, ../../../data/kit14/opa_sequences_aligned/DGI_65_opa_10.aln, ../../../data/kit14/opa_sequences_aligned/DGI_65a_II_opa_9.aln, ../../../data/kit14/opa_sequences_aligned/DGI_65a_II_opa_4.aln, ../../../data/kit14/opa_sequences_aligned/EEE029_opa_3.aln, ../../../data/kit14/opa_sequences_aligned/DGI_65b_IV_opa_6.aln, ../../../data/kit14/opa_sequences_aligned/DGI_65b_IV_opa_3.aln, ../../../data/kit14/opa_sequences_aligned/EEE029_opa_1.aln, ../../../data/kit14/opa_sequences_aligned/EEE029b_VI_opa_8.aln, ../../../data/kit14/opa_sequences_aligned/EEE029_opa_10.aln, ../../../data/kit14/opa_sequences_aligned/EEE029a_VI_opa_9.aln, ../../../data/kit14/opa_sequences_aligned/EEE029_opa_11.aln, ../../../data/kit14/opa_sequences_aligned/EEE029_opa_4.aln, ../../../data/kit14/opa_sequences_aligned/EEE029a_VI_opa_7.aln, ../../../data/kit14/opa_sequences_aligned/.ipynb_checkpoints/DGI_65a_II_opa_1-checkpoint.aln, ../../../data/kit14/opa_sequences_aligned/EEE029a_VI_opa_1.aln, ../../../data/kit14/opa_sequences_aligned/EEE029a_VI_opa_8.aln, ../../../data/kit14/opa_sequences_aligned/EEE029b_VI_opa_4.aln, ../../../data/kit14/opa_sequences_aligned/DGI_65b_IV_opa_8.aln, ../../../data/kit14/opa_sequences_aligned/EEE029b_VI_opa_5.aln, ../../../data/kit14/opa_sequences_aligned/DGI_65_opa_8.aln, ../../../data/kit14/opa_sequences_aligned/EEE029_opa_2.aln, ../../../data/kit14/opa_sequences_aligned/DGI_65_opa_3.aln, ../../../data/kit14/opa_sequences_aligned/EEE029b_VI_opa_1.aln, ../../../data/kit14/opa_sequences_aligned/DGI_65a_II_opa_2.aln, ../../../data/kit14/opa_sequences_aligned/EEE029a_VI_opa_11.aln, ../../../data/kit14/opa_sequences_aligned/EEE029a_VI_opa_5.aln, ../../../data/kit14/opa_sequences_aligned/DGI_65_opa_5.aln, ../../../data/kit14/opa_sequences_aligned/DGI_65b_IV_opa_7.aln, ../../../data/kit14/opa_sequences_aligned/DGI_65a_II_opa_10.aln, ../../../data/kit14/opa_sequences_aligned/EEE029_opa_7.aln, ../../../data/kit14/opa_sequences_aligned/EEE029_opa_6.aln, ../../../data/kit14/opa_sequences_aligned/DGI_65a_II_opa_7.aln, ../../../data/kit14/opa_sequences_aligned/EEE029b_VI_opa_6.aln, ../../../data/kit14/opa_sequences_aligned/DGI_65_opa_6.aln, ../../../data/kit14/opa_sequences_aligned/EEE029a_VI_opa_4.aln, ../../../data/kit14/opa_sequences_aligned/EEE029a_VI_opa_2.aln, ../../../data/kit14/opa_sequences_aligned/DGI_65a_II_opa_6.aln, ../../../data/kit14/opa_sequences_aligned/DGI_65_opa_9.aln, ../../../data/kit14/opa_sequences_aligned/EEE029b_VI_opa_7.aln, ../../../data/kit14/opa_sequences_aligned/EEE029a_VI_opa_6.aln, ../../../data/kit14/opa_sequences_aligned/DGI_65a_II_opa_5.aln, ../../../data/kit14/opa_sequences_aligned/DGI_65b_IV_opa_5.aln, ../../../data/kit14/opa_sequences_aligned/DGI_65_opa_4.aln, ../../../data/kit14/opa_sequences_aligned/EEE029b_VI_opa_11.aln, ../../../data/kit14/opa_sequences_aligned/DGI_65a_II_opa_1.aln, ../../../data/kit14/opa_sequences_aligned/DGI_65b_IV_opa_2.aln, ../../../data/kit14/opa_sequences_aligned/EEE029a_VI_opa_10.aln, ../../../data/kit14/opa_sequences_aligned/DGI_65_opa_1.aln, ../../../data/kit14/opa_sequences_aligned/EEE029_opa_9.aln, ../../../data/kit14/opa_sequences_aligned/EEE029_opa_5.aln, ../../../data/kit14/opa_sequences_aligned/DGI_65b_IV_opa_9.aln, ../../../data/kit14/opa_sequences_aligned/DGI_65b_IV_opa_1.aln, ../../../data/kit14/opa_sequences_aligned/EEE029b_VI_opa_9.aln
    resources: mem_mb=1000, mem_mib=954, disk_mb=1000, disk_mib=954, tmpdir=/tmp, cpus=1, time=60, partition=serial_requeue

[Fri Nov 22 16:03:54 2024]
Finished job 0.
65 of 65 steps (100%) done
Complete log: .snakemake/log/2024-11-22T160126.118269.snakemake.log
