Building DAG of jobs...
Your conda installation is not configured to use strict channel priorities. This is however crucial for having robust and correct environments (for details, see https://conda-forge.org/docs/user/tipsandtricks.html). Please consider to configure strict priorities by executing 'conda config --set channel_priority strict'.
Using shell: /usr/bin/bash
Provided cluster nodes: 100
Job stats:
job      count
-----  -------
all          1
mafft       63
total       64

Select jobs to execute...

[Thu Dec 19 08:49:06 2024]
localrule mafft:
    input: ../../../../data/kit14/subsampled_nanopore_reads/opa_sequences_collated/DGI_65_30_opa_9.fa
    output: ../../../../data/kit14/subsampled_nanopore_reads/opa_sequences_aligned/DGI_65_30_opa_9.aln
    jobid: 45
    reason: Missing output files: ../../../../data/kit14/subsampled_nanopore_reads/opa_sequences_aligned/DGI_65_30_opa_9.aln
    wildcards: sample=DGI_65_30_opa_9
    resources: mem_mb=1000, mem_mib=954, disk_mb=1000, disk_mib=954, tmpdir=/tmp, cpus=1, time=60, partition=serial_requeue

Activating conda environment: ../../../../../../../../../../../../../n/home13/qinqinyu/.conda/envs/e2567a912f876d4b0a43b53b260518c9_

[Thu Dec 19 08:49:06 2024]
localrule mafft:
    input: ../../../../data/kit14/subsampled_nanopore_reads/opa_sequences_collated/EEE029_30_opa_4.fa
    output: ../../../../data/kit14/subsampled_nanopore_reads/opa_sequences_aligned/EEE029_30_opa_4.aln
    jobid: 3
    reason: Missing output files: ../../../../data/kit14/subsampled_nanopore_reads/opa_sequences_aligned/EEE029_30_opa_4.aln
    wildcards: sample=EEE029_30_opa_4
    resources: mem_mb=1000, mem_mib=954, disk_mb=1000, disk_mib=954, tmpdir=/tmp, cpus=1, time=60, partition=serial_requeue

Activating conda environment: ../../../../../../../../../../../../../n/home13/qinqinyu/.conda/envs/e2567a912f876d4b0a43b53b260518c9_

[Thu Dec 19 08:49:06 2024]
localrule mafft:
    input: ../../../../data/kit14/subsampled_nanopore_reads/opa_sequences_collated/DGI_65_60_opa_1.fa
    output: ../../../../data/kit14/subsampled_nanopore_reads/opa_sequences_aligned/DGI_65_60_opa_1.aln
    jobid: 38
    reason: Missing output files: ../../../../data/kit14/subsampled_nanopore_reads/opa_sequences_aligned/DGI_65_60_opa_1.aln
    wildcards: sample=DGI_65_60_opa_1
    resources: mem_mb=1000, mem_mib=954, disk_mb=1000, disk_mib=954, tmpdir=/tmp, cpus=1, time=60, partition=serial_requeue

Activating conda environment: ../../../../../../../../../../../../../n/home13/qinqinyu/.conda/envs/e2567a912f876d4b0a43b53b260518c9_

[Thu Dec 19 08:49:06 2024]
localrule mafft:
    input: ../../../../data/kit14/subsampled_nanopore_reads/opa_sequences_collated/DGI_65_30_opa_5.fa
    output: ../../../../data/kit14/subsampled_nanopore_reads/opa_sequences_aligned/DGI_65_30_opa_5.aln
    jobid: 31
    reason: Missing output files: ../../../../data/kit14/subsampled_nanopore_reads/opa_sequences_aligned/DGI_65_30_opa_5.aln
    wildcards: sample=DGI_65_30_opa_5
    resources: mem_mb=1000, mem_mib=954, disk_mb=1000, disk_mib=954, tmpdir=/tmp, cpus=1, time=60, partition=serial_requeue

Activating conda environment: ../../../../../../../../../../../../../n/home13/qinqinyu/.conda/envs/e2567a912f876d4b0a43b53b260518c9_

[Thu Dec 19 08:49:06 2024]
localrule mafft:
    input: ../../../../data/kit14/subsampled_nanopore_reads/opa_sequences_collated/EEE029_15_opa_4.fa
    output: ../../../../data/kit14/subsampled_nanopore_reads/opa_sequences_aligned/EEE029_15_opa_4.aln
    jobid: 25
    reason: Missing output files: ../../../../data/kit14/subsampled_nanopore_reads/opa_sequences_aligned/EEE029_15_opa_4.aln
    wildcards: sample=EEE029_15_opa_4
    resources: mem_mb=1000, mem_mib=954, disk_mb=1000, disk_mib=954, tmpdir=/tmp, cpus=1, time=60, partition=serial_requeue

Activating conda environment: ../../../../../../../../../../../../../n/home13/qinqinyu/.conda/envs/e2567a912f876d4b0a43b53b260518c9_

[Thu Dec 19 08:49:06 2024]
localrule mafft:
    input: ../../../../data/kit14/subsampled_nanopore_reads/opa_sequences_collated/DGI_65_15_opa_7.fa
    output: ../../../../data/kit14/subsampled_nanopore_reads/opa_sequences_aligned/DGI_65_15_opa_7.aln
    jobid: 18
    reason: Missing output files: ../../../../data/kit14/subsampled_nanopore_reads/opa_sequences_aligned/DGI_65_15_opa_7.aln
    wildcards: sample=DGI_65_15_opa_7
    resources: mem_mb=1000, mem_mib=954, disk_mb=1000, disk_mib=954, tmpdir=/tmp, cpus=1, time=60, partition=serial_requeue

Activating conda environment: ../../../../../../../../../../../../../n/home13/qinqinyu/.conda/envs/e2567a912f876d4b0a43b53b260518c9_

[Thu Dec 19 08:49:06 2024]
localrule mafft:
    input: ../../../../data/kit14/subsampled_nanopore_reads/opa_sequences_collated/EEE029_30_opa_10.fa
    output: ../../../../data/kit14/subsampled_nanopore_reads/opa_sequences_aligned/EEE029_30_opa_10.aln
    jobid: 11
    reason: Missing output files: ../../../../data/kit14/subsampled_nanopore_reads/opa_sequences_aligned/EEE029_30_opa_10.aln
    wildcards: sample=EEE029_30_opa_10
    resources: mem_mb=1000, mem_mib=954, disk_mb=1000, disk_mib=954, tmpdir=/tmp, cpus=1, time=60, partition=serial_requeue


[Thu Dec 19 08:49:06 2024]
localrule mafft:
    input: ../../../../data/kit14/subsampled_nanopore_reads/opa_sequences_collated/DGI_65_30_opa_3.fa
    output: ../../../../data/kit14/subsampled_nanopore_reads/opa_sequences_aligned/DGI_65_30_opa_3.aln
    jobid: 4
    reason: Missing output files: ../../../../data/kit14/subsampled_nanopore_reads/opa_sequences_aligned/DGI_65_30_opa_3.aln
    wildcards: sample=DGI_65_30_opa_3
    resources: mem_mb=1000, mem_mib=954, disk_mb=1000, disk_mib=954, tmpdir=/tmp, cpus=1, time=60, partition=serial_requeue


[Thu Dec 19 08:49:06 2024]
localrule mafft:
    input: ../../../../data/kit14/subsampled_nanopore_reads/opa_sequences_collated/DGI_65_15_opa_5.fa
    output: ../../../../data/kit14/subsampled_nanopore_reads/opa_sequences_aligned/DGI_65_15_opa_5.aln
    jobid: 60
    reason: Missing output files: ../../../../data/kit14/subsampled_nanopore_reads/opa_sequences_aligned/DGI_65_15_opa_5.aln
    wildcards: sample=DGI_65_15_opa_5
    resources: mem_mb=1000, mem_mib=954, disk_mb=1000, disk_mib=954, tmpdir=/tmp, cpus=1, time=60, partition=serial_requeue


[Thu Dec 19 08:49:06 2024]
localrule mafft:
    input: ../../../../data/kit14/subsampled_nanopore_reads/opa_sequences_collated/DGI_65_30_opa_6.fa
    output: ../../../../data/kit14/subsampled_nanopore_reads/opa_sequences_aligned/DGI_65_30_opa_6.aln
    jobid: 53
    reason: Missing output files: ../../../../data/kit14/subsampled_nanopore_reads/opa_sequences_aligned/DGI_65_30_opa_6.aln
    wildcards: sample=DGI_65_30_opa_6
    resources: mem_mb=1000, mem_mib=954, disk_mb=1000, disk_mib=954, tmpdir=/tmp, cpus=1, time=60, partition=serial_requeue


[Thu Dec 19 08:49:06 2024]
localrule mafft:
    input: ../../../../data/kit14/subsampled_nanopore_reads/opa_sequences_collated/EEE029_60_opa_1.fa
    output: ../../../../data/kit14/subsampled_nanopore_reads/opa_sequences_aligned/EEE029_60_opa_1.aln
    jobid: 46
    reason: Missing output files: ../../../../data/kit14/subsampled_nanopore_reads/opa_sequences_aligned/EEE029_60_opa_1.aln
    wildcards: sample=EEE029_60_opa_1
    resources: mem_mb=1000, mem_mib=954, disk_mb=1000, disk_mib=954, tmpdir=/tmp, cpus=1, time=60, partition=serial_requeue


[Thu Dec 19 08:49:06 2024]
localrule mafft:
    input: ../../../../data/kit14/subsampled_nanopore_reads/opa_sequences_collated/EEE029_15_opa_2.fa
    output: ../../../../data/kit14/subsampled_nanopore_reads/opa_sequences_aligned/EEE029_15_opa_2.aln
    jobid: 39
    reason: Missing output files: ../../../../data/kit14/subsampled_nanopore_reads/opa_sequences_aligned/EEE029_15_opa_2.aln
    wildcards: sample=EEE029_15_opa_2
    resources: mem_mb=1000, mem_mib=954, disk_mb=1000, disk_mib=954, tmpdir=/tmp, cpus=1, time=60, partition=serial_requeue


[Thu Dec 19 08:49:06 2024]
localrule mafft:
    input: ../../../../data/kit14/subsampled_nanopore_reads/opa_sequences_collated/EEE029_60_opa_4.fa
    output: ../../../../data/kit14/subsampled_nanopore_reads/opa_sequences_aligned/EEE029_60_opa_4.aln
    jobid: 32
    reason: Missing output files: ../../../../data/kit14/subsampled_nanopore_reads/opa_sequences_aligned/EEE029_60_opa_4.aln
    wildcards: sample=EEE029_60_opa_4
    resources: mem_mb=1000, mem_mib=954, disk_mb=1000, disk_mib=954, tmpdir=/tmp, cpus=1, time=60, partition=serial_requeue


[Thu Dec 19 08:49:06 2024]
localrule mafft:
    input: ../../../../data/kit14/subsampled_nanopore_reads/opa_sequences_collated/EEE029_30_opa_5.fa
    output: ../../../../data/kit14/subsampled_nanopore_reads/opa_sequences_aligned/EEE029_30_opa_5.aln
    jobid: 26
    reason: Missing output files: ../../../../data/kit14/subsampled_nanopore_reads/opa_sequences_aligned/EEE029_30_opa_5.aln
    wildcards: sample=EEE029_30_opa_5
    resources: mem_mb=1000, mem_mib=954, disk_mb=1000, disk_mib=954, tmpdir=/tmp, cpus=1, time=60, partition=serial_requeue


[Thu Dec 19 08:49:06 2024]
localrule mafft:
    input: ../../../../data/kit14/subsampled_nanopore_reads/opa_sequences_collated/DGI_65_60_opa_8.fa
    output: ../../../../data/kit14/subsampled_nanopore_reads/opa_sequences_aligned/DGI_65_60_opa_8.aln
    jobid: 19
    reason: Missing output files: ../../../../data/kit14/subsampled_nanopore_reads/opa_sequences_aligned/DGI_65_60_opa_8.aln
    wildcards: sample=DGI_65_60_opa_8
    resources: mem_mb=1000, mem_mib=954, disk_mb=1000, disk_mib=954, tmpdir=/tmp, cpus=1, time=60, partition=serial_requeue


[Thu Dec 19 08:49:06 2024]
localrule mafft:
    input: ../../../../data/kit14/subsampled_nanopore_reads/opa_sequences_collated/DGI_65_15_opa_6.fa
    output: ../../../../data/kit14/subsampled_nanopore_reads/opa_sequences_aligned/DGI_65_15_opa_6.aln
    jobid: 7
    reason: Missing output files: ../../../../data/kit14/subsampled_nanopore_reads/opa_sequences_aligned/DGI_65_15_opa_6.aln
    wildcards: sample=DGI_65_15_opa_6
    resources: mem_mb=1000, mem_mib=954, disk_mb=1000, disk_mib=954, tmpdir=/tmp, cpus=1, time=60, partition=serial_requeue


[Thu Dec 19 08:49:06 2024]
localrule mafft:
    input: ../../../../data/kit14/subsampled_nanopore_reads/opa_sequences_collated/DGI_65_30_opa_7.fa
    output: ../../../../data/kit14/subsampled_nanopore_reads/opa_sequences_aligned/DGI_65_30_opa_7.aln
    jobid: 5
    reason: Missing output files: ../../../../data/kit14/subsampled_nanopore_reads/opa_sequences_aligned/DGI_65_30_opa_7.aln
    wildcards: sample=DGI_65_30_opa_7
    resources: mem_mb=1000, mem_mib=954, disk_mb=1000, disk_mib=954, tmpdir=/tmp, cpus=1, time=60, partition=serial_requeue


[Thu Dec 19 08:49:06 2024]
localrule mafft:
    input: ../../../../data/kit14/subsampled_nanopore_reads/opa_sequences_collated/DGI_65_30_opa_10.fa
    output: ../../../../data/kit14/subsampled_nanopore_reads/opa_sequences_aligned/DGI_65_30_opa_10.aln
    jobid: 61
    reason: Missing output files: ../../../../data/kit14/subsampled_nanopore_reads/opa_sequences_aligned/DGI_65_30_opa_10.aln
    wildcards: sample=DGI_65_30_opa_10
    resources: mem_mb=1000, mem_mib=954, disk_mb=1000, disk_mib=954, tmpdir=/tmp, cpus=1, time=60, partition=serial_requeue


[Thu Dec 19 08:49:06 2024]
localrule mafft:
    input: ../../../../data/kit14/subsampled_nanopore_reads/opa_sequences_collated/DGI_65_30_opa_1.fa
    output: ../../../../data/kit14/subsampled_nanopore_reads/opa_sequences_aligned/DGI_65_30_opa_1.aln
    jobid: 54
    reason: Missing output files: ../../../../data/kit14/subsampled_nanopore_reads/opa_sequences_aligned/DGI_65_30_opa_1.aln
    wildcards: sample=DGI_65_30_opa_1
    resources: mem_mb=1000, mem_mib=954, disk_mb=1000, disk_mib=954, tmpdir=/tmp, cpus=1, time=60, partition=serial_requeue


[Thu Dec 19 08:49:06 2024]
localrule mafft:
    input: ../../../../data/kit14/subsampled_nanopore_reads/opa_sequences_collated/DGI_65_60_opa_9.fa
    output: ../../../../data/kit14/subsampled_nanopore_reads/opa_sequences_aligned/DGI_65_60_opa_9.aln
    jobid: 47
    reason: Missing output files: ../../../../data/kit14/subsampled_nanopore_reads/opa_sequences_aligned/DGI_65_60_opa_9.aln
    wildcards: sample=DGI_65_60_opa_9
    resources: mem_mb=1000, mem_mib=954, disk_mb=1000, disk_mib=954, tmpdir=/tmp, cpus=1, time=60, partition=serial_requeue


[Thu Dec 19 08:49:06 2024]
localrule mafft:
    input: ../../../../data/kit14/subsampled_nanopore_reads/opa_sequences_collated/EEE029_30_opa_9.fa
    output: ../../../../data/kit14/subsampled_nanopore_reads/opa_sequences_aligned/EEE029_30_opa_9.aln
    jobid: 40
    reason: Missing output files: ../../../../data/kit14/subsampled_nanopore_reads/opa_sequences_aligned/EEE029_30_opa_9.aln
    wildcards: sample=EEE029_30_opa_9
    resources: mem_mb=1000, mem_mib=954, disk_mb=1000, disk_mib=954, tmpdir=/tmp, cpus=1, time=60, partition=serial_requeue


[Thu Dec 19 08:49:06 2024]
localrule mafft:
    input: ../../../../data/kit14/subsampled_nanopore_reads/opa_sequences_collated/EEE029_60_opa_5.fa
    output: ../../../../data/kit14/subsampled_nanopore_reads/opa_sequences_aligned/EEE029_60_opa_5.aln
    jobid: 33
    reason: Missing output files: ../../../../data/kit14/subsampled_nanopore_reads/opa_sequences_aligned/EEE029_60_opa_5.aln
    wildcards: sample=EEE029_60_opa_5
    resources: mem_mb=1000, mem_mib=954, disk_mb=1000, disk_mib=954, tmpdir=/tmp, cpus=1, time=60, partition=serial_requeue


[Thu Dec 19 08:49:06 2024]
localrule mafft:
    input: ../../../../data/kit14/subsampled_nanopore_reads/opa_sequences_collated/DGI_65_60_opa_3.fa
    output: ../../../../data/kit14/subsampled_nanopore_reads/opa_sequences_aligned/DGI_65_60_opa_3.aln
    jobid: 27
    reason: Missing output files: ../../../../data/kit14/subsampled_nanopore_reads/opa_sequences_aligned/DGI_65_60_opa_3.aln
    wildcards: sample=DGI_65_60_opa_3
    resources: mem_mb=1000, mem_mib=954, disk_mb=1000, disk_mib=954, tmpdir=/tmp, cpus=1, time=60, partition=serial_requeue


[Thu Dec 19 08:49:06 2024]
localrule mafft:
    input: ../../../../data/kit14/subsampled_nanopore_reads/opa_sequences_collated/EEE029_60_opa_10.fa
    output: ../../../../data/kit14/subsampled_nanopore_reads/opa_sequences_aligned/EEE029_60_opa_10.aln
    jobid: 20
    reason: Missing output files: ../../../../data/kit14/subsampled_nanopore_reads/opa_sequences_aligned/EEE029_60_opa_10.aln
    wildcards: sample=EEE029_60_opa_10
    resources: mem_mb=1000, mem_mib=954, disk_mb=1000, disk_mib=954, tmpdir=/tmp, cpus=1, time=60, partition=serial_requeue


[Thu Dec 19 08:49:06 2024]
localrule mafft:
    input: ../../../../data/kit14/subsampled_nanopore_reads/opa_sequences_collated/DGI_65_60_opa_2.fa
    output: ../../../../data/kit14/subsampled_nanopore_reads/opa_sequences_aligned/DGI_65_60_opa_2.aln
    jobid: 8
    reason: Missing output files: ../../../../data/kit14/subsampled_nanopore_reads/opa_sequences_aligned/DGI_65_60_opa_2.aln
    wildcards: sample=DGI_65_60_opa_2
    resources: mem_mb=1000, mem_mib=954, disk_mb=1000, disk_mib=954, tmpdir=/tmp, cpus=1, time=60, partition=serial_requeue


[Thu Dec 19 08:49:06 2024]
localrule mafft:
    input: ../../../../data/kit14/subsampled_nanopore_reads/opa_sequences_collated/DGI_65_30_opa_4.fa
    output: ../../../../data/kit14/subsampled_nanopore_reads/opa_sequences_aligned/DGI_65_30_opa_4.aln
    jobid: 15
    reason: Missing output files: ../../../../data/kit14/subsampled_nanopore_reads/opa_sequences_aligned/DGI_65_30_opa_4.aln
    wildcards: sample=DGI_65_30_opa_4
    resources: mem_mb=1000, mem_mib=954, disk_mb=1000, disk_mib=954, tmpdir=/tmp, cpus=1, time=60, partition=serial_requeue


[Thu Dec 19 08:49:06 2024]
localrule mafft:
    input: ../../../../data/kit14/subsampled_nanopore_reads/opa_sequences_collated/EEE029_15_opa_10.fa
    output: ../../../../data/kit14/subsampled_nanopore_reads/opa_sequences_aligned/EEE029_15_opa_10.aln
    jobid: 62
    reason: Missing output files: ../../../../data/kit14/subsampled_nanopore_reads/opa_sequences_aligned/EEE029_15_opa_10.aln
    wildcards: sample=EEE029_15_opa_10
    resources: mem_mb=1000, mem_mib=954, disk_mb=1000, disk_mib=954, tmpdir=/tmp, cpus=1, time=60, partition=serial_requeue


[Thu Dec 19 08:49:06 2024]
localrule mafft:
    input: ../../../../data/kit14/subsampled_nanopore_reads/opa_sequences_collated/EEE029_30_opa_7.fa
    output: ../../../../data/kit14/subsampled_nanopore_reads/opa_sequences_aligned/EEE029_30_opa_7.aln
    jobid: 55
    reason: Missing output files: ../../../../data/kit14/subsampled_nanopore_reads/opa_sequences_aligned/EEE029_30_opa_7.aln
    wildcards: sample=EEE029_30_opa_7
    resources: mem_mb=1000, mem_mib=954, disk_mb=1000, disk_mib=954, tmpdir=/tmp, cpus=1, time=60, partition=serial_requeue


[Thu Dec 19 08:49:06 2024]
localrule mafft:
    input: ../../../../data/kit14/subsampled_nanopore_reads/opa_sequences_collated/EEE029_15_opa_6.fa
    output: ../../../../data/kit14/subsampled_nanopore_reads/opa_sequences_aligned/EEE029_15_opa_6.aln
    jobid: 48
    reason: Missing output files: ../../../../data/kit14/subsampled_nanopore_reads/opa_sequences_aligned/EEE029_15_opa_6.aln
    wildcards: sample=EEE029_15_opa_6
    resources: mem_mb=1000, mem_mib=954, disk_mb=1000, disk_mib=954, tmpdir=/tmp, cpus=1, time=60, partition=serial_requeue


[Thu Dec 19 08:49:06 2024]
localrule mafft:
    input: ../../../../data/kit14/subsampled_nanopore_reads/opa_sequences_collated/EEE029_60_opa_7.fa
    output: ../../../../data/kit14/subsampled_nanopore_reads/opa_sequences_aligned/EEE029_60_opa_7.aln
    jobid: 41
    reason: Missing output files: ../../../../data/kit14/subsampled_nanopore_reads/opa_sequences_aligned/EEE029_60_opa_7.aln
    wildcards: sample=EEE029_60_opa_7
    resources: mem_mb=1000, mem_mib=954, disk_mb=1000, disk_mib=954, tmpdir=/tmp, cpus=1, time=60, partition=serial_requeue


[Thu Dec 19 08:49:06 2024]
localrule mafft:
    input: ../../../../data/kit14/subsampled_nanopore_reads/opa_sequences_collated/EEE029_15_opa_1.fa
    output: ../../../../data/kit14/subsampled_nanopore_reads/opa_sequences_aligned/EEE029_15_opa_1.aln
    jobid: 34
    reason: Missing output files: ../../../../data/kit14/subsampled_nanopore_reads/opa_sequences_aligned/EEE029_15_opa_1.aln
    wildcards: sample=EEE029_15_opa_1
    resources: mem_mb=1000, mem_mib=954, disk_mb=1000, disk_mib=954, tmpdir=/tmp, cpus=1, time=60, partition=serial_requeue


[Thu Dec 19 08:49:06 2024]
localrule mafft:
    input: ../../../../data/kit14/subsampled_nanopore_reads/opa_sequences_collated/DGI_65_15_opa_10.fa
    output: ../../../../data/kit14/subsampled_nanopore_reads/opa_sequences_aligned/DGI_65_15_opa_10.aln
    jobid: 28
    reason: Missing output files: ../../../../data/kit14/subsampled_nanopore_reads/opa_sequences_aligned/DGI_65_15_opa_10.aln
    wildcards: sample=DGI_65_15_opa_10
    resources: mem_mb=1000, mem_mib=954, disk_mb=1000, disk_mib=954, tmpdir=/tmp, cpus=1, time=60, partition=serial_requeue


[Thu Dec 19 08:49:06 2024]
localrule mafft:
    input: ../../../../data/kit14/subsampled_nanopore_reads/opa_sequences_collated/DGI_65_60_opa_5.fa
    output: ../../../../data/kit14/subsampled_nanopore_reads/opa_sequences_aligned/DGI_65_60_opa_5.aln
    jobid: 21
    reason: Missing output files: ../../../../data/kit14/subsampled_nanopore_reads/opa_sequences_aligned/DGI_65_60_opa_5.aln
    wildcards: sample=DGI_65_60_opa_5
    resources: mem_mb=1000, mem_mib=954, disk_mb=1000, disk_mib=954, tmpdir=/tmp, cpus=1, time=60, partition=serial_requeue


[Thu Dec 19 08:49:06 2024]
localrule mafft:
    input: ../../../../data/kit14/subsampled_nanopore_reads/opa_sequences_collated/DGI_65_60_opa_4.fa
    output: ../../../../data/kit14/subsampled_nanopore_reads/opa_sequences_aligned/DGI_65_60_opa_4.aln
    jobid: 9
    reason: Missing output files: ../../../../data/kit14/subsampled_nanopore_reads/opa_sequences_aligned/DGI_65_60_opa_4.aln
    wildcards: sample=DGI_65_60_opa_4
    resources: mem_mb=1000, mem_mib=954, disk_mb=1000, disk_mib=954, tmpdir=/tmp, cpus=1, time=60, partition=serial_requeue


[Thu Dec 19 08:49:06 2024]
localrule mafft:
    input: ../../../../data/kit14/subsampled_nanopore_reads/opa_sequences_collated/EEE029_30_opa_3.fa
    output: ../../../../data/kit14/subsampled_nanopore_reads/opa_sequences_aligned/EEE029_30_opa_3.aln
    jobid: 12
    reason: Missing output files: ../../../../data/kit14/subsampled_nanopore_reads/opa_sequences_aligned/EEE029_30_opa_3.aln
    wildcards: sample=EEE029_30_opa_3
    resources: mem_mb=1000, mem_mib=954, disk_mb=1000, disk_mib=954, tmpdir=/tmp, cpus=1, time=60, partition=serial_requeue


[Thu Dec 19 08:49:06 2024]
localrule mafft:
    input: ../../../../data/kit14/subsampled_nanopore_reads/opa_sequences_collated/EEE029_60_opa_8.fa
    output: ../../../../data/kit14/subsampled_nanopore_reads/opa_sequences_aligned/EEE029_60_opa_8.aln
    jobid: 63
    reason: Missing output files: ../../../../data/kit14/subsampled_nanopore_reads/opa_sequences_aligned/EEE029_60_opa_8.aln
    wildcards: sample=EEE029_60_opa_8
    resources: mem_mb=1000, mem_mib=954, disk_mb=1000, disk_mib=954, tmpdir=/tmp, cpus=1, time=60, partition=serial_requeue


[Thu Dec 19 08:49:06 2024]
localrule mafft:
    input: ../../../../data/kit14/subsampled_nanopore_reads/opa_sequences_collated/DGI_65_15_opa_1.fa
    output: ../../../../data/kit14/subsampled_nanopore_reads/opa_sequences_aligned/DGI_65_15_opa_1.aln
    jobid: 14
    reason: Missing output files: ../../../../data/kit14/subsampled_nanopore_reads/opa_sequences_aligned/DGI_65_15_opa_1.aln
    wildcards: sample=DGI_65_15_opa_1
    resources: mem_mb=1000, mem_mib=954, disk_mb=1000, disk_mib=954, tmpdir=/tmp, cpus=1, time=60, partition=serial_requeue


[Thu Dec 19 08:49:06 2024]
localrule mafft:
    input: ../../../../data/kit14/subsampled_nanopore_reads/opa_sequences_collated/EEE029_60_opa_9.fa
    output: ../../../../data/kit14/subsampled_nanopore_reads/opa_sequences_aligned/EEE029_60_opa_9.aln
    jobid: 56
    reason: Missing output files: ../../../../data/kit14/subsampled_nanopore_reads/opa_sequences_aligned/EEE029_60_opa_9.aln
    wildcards: sample=EEE029_60_opa_9
    resources: mem_mb=1000, mem_mib=954, disk_mb=1000, disk_mib=954, tmpdir=/tmp, cpus=1, time=60, partition=serial_requeue


[Thu Dec 19 08:49:06 2024]
localrule mafft:
    input: ../../../../data/kit14/subsampled_nanopore_reads/opa_sequences_collated/EEE029_15_opa_7.fa
    output: ../../../../data/kit14/subsampled_nanopore_reads/opa_sequences_aligned/EEE029_15_opa_7.aln
    jobid: 49
    reason: Missing output files: ../../../../data/kit14/subsampled_nanopore_reads/opa_sequences_aligned/EEE029_15_opa_7.aln
    wildcards: sample=EEE029_15_opa_7
    resources: mem_mb=1000, mem_mib=954, disk_mb=1000, disk_mib=954, tmpdir=/tmp, cpus=1, time=60, partition=serial_requeue


[Thu Dec 19 08:49:06 2024]
localrule mafft:
    input: ../../../../data/kit14/subsampled_nanopore_reads/opa_sequences_collated/DGI_65_30_opa_2.fa
    output: ../../../../data/kit14/subsampled_nanopore_reads/opa_sequences_aligned/DGI_65_30_opa_2.aln
    jobid: 42
    reason: Missing output files: ../../../../data/kit14/subsampled_nanopore_reads/opa_sequences_aligned/DGI_65_30_opa_2.aln
    wildcards: sample=DGI_65_30_opa_2
    resources: mem_mb=1000, mem_mib=954, disk_mb=1000, disk_mib=954, tmpdir=/tmp, cpus=1, time=60, partition=serial_requeue


[Thu Dec 19 08:49:06 2024]
localrule mafft:
    input: ../../../../data/kit14/subsampled_nanopore_reads/opa_sequences_collated/EEE029_30_opa_11.fa
    output: ../../../../data/kit14/subsampled_nanopore_reads/opa_sequences_aligned/EEE029_30_opa_11.aln
    jobid: 35
    reason: Missing output files: ../../../../data/kit14/subsampled_nanopore_reads/opa_sequences_aligned/EEE029_30_opa_11.aln
    wildcards: sample=EEE029_30_opa_11
    resources: mem_mb=1000, mem_mib=954, disk_mb=1000, disk_mib=954, tmpdir=/tmp, cpus=1, time=60, partition=serial_requeue


[Thu Dec 19 08:49:06 2024]
localrule mafft:
    input: ../../../../data/kit14/subsampled_nanopore_reads/opa_sequences_collated/EEE029_60_opa_6.fa
    output: ../../../../data/kit14/subsampled_nanopore_reads/opa_sequences_aligned/EEE029_60_opa_6.aln
    jobid: 29
    reason: Missing output files: ../../../../data/kit14/subsampled_nanopore_reads/opa_sequences_aligned/EEE029_60_opa_6.aln
    wildcards: sample=EEE029_60_opa_6
    resources: mem_mb=1000, mem_mib=954, disk_mb=1000, disk_mib=954, tmpdir=/tmp, cpus=1, time=60, partition=serial_requeue


[Thu Dec 19 08:49:06 2024]
localrule mafft:
    input: ../../../../data/kit14/subsampled_nanopore_reads/opa_sequences_collated/DGI_65_60_opa_7.fa
    output: ../../../../data/kit14/subsampled_nanopore_reads/opa_sequences_aligned/DGI_65_60_opa_7.aln
    jobid: 22
    reason: Missing output files: ../../../../data/kit14/subsampled_nanopore_reads/opa_sequences_aligned/DGI_65_60_opa_7.aln
    wildcards: sample=DGI_65_60_opa_7
    resources: mem_mb=1000, mem_mib=954, disk_mb=1000, disk_mib=954, tmpdir=/tmp, cpus=1, time=60, partition=serial_requeue


[Thu Dec 19 08:49:06 2024]
localrule mafft:
    input: ../../../../data/kit14/subsampled_nanopore_reads/opa_sequences_collated/EEE029_15_opa_9.fa
    output: ../../../../data/kit14/subsampled_nanopore_reads/opa_sequences_aligned/EEE029_15_opa_9.aln
    jobid: 10
    reason: Missing output files: ../../../../data/kit14/subsampled_nanopore_reads/opa_sequences_aligned/EEE029_15_opa_9.aln
    wildcards: sample=EEE029_15_opa_9
    resources: mem_mb=1000, mem_mib=954, disk_mb=1000, disk_mib=954, tmpdir=/tmp, cpus=1, time=60, partition=serial_requeue


[Thu Dec 19 08:49:06 2024]
localrule mafft:
    input: ../../../../data/kit14/subsampled_nanopore_reads/opa_sequences_collated/DGI_65_15_opa_4.fa
    output: ../../../../data/kit14/subsampled_nanopore_reads/opa_sequences_aligned/DGI_65_15_opa_4.aln
    jobid: 6
    reason: Missing output files: ../../../../data/kit14/subsampled_nanopore_reads/opa_sequences_aligned/DGI_65_15_opa_4.aln
    wildcards: sample=DGI_65_15_opa_4
    resources: mem_mb=1000, mem_mib=954, disk_mb=1000, disk_mib=954, tmpdir=/tmp, cpus=1, time=60, partition=serial_requeue


[Thu Dec 19 08:49:06 2024]
localrule mafft:
    input: ../../../../data/kit14/subsampled_nanopore_reads/opa_sequences_collated/EEE029_15_opa_8.fa
    output: ../../../../data/kit14/subsampled_nanopore_reads/opa_sequences_aligned/EEE029_15_opa_8.aln
    jobid: 1
    reason: Missing output files: ../../../../data/kit14/subsampled_nanopore_reads/opa_sequences_aligned/EEE029_15_opa_8.aln
    wildcards: sample=EEE029_15_opa_8
    resources: mem_mb=1000, mem_mib=954, disk_mb=1000, disk_mib=954, tmpdir=/tmp, cpus=1, time=60, partition=serial_requeue


[Thu Dec 19 08:49:06 2024]
localrule mafft:
    input: ../../../../data/kit14/subsampled_nanopore_reads/opa_sequences_collated/EEE029_15_opa_11.fa
    output: ../../../../data/kit14/subsampled_nanopore_reads/opa_sequences_aligned/EEE029_15_opa_11.aln
    jobid: 57
    reason: Missing output files: ../../../../data/kit14/subsampled_nanopore_reads/opa_sequences_aligned/EEE029_15_opa_11.aln
    wildcards: sample=EEE029_15_opa_11
    resources: mem_mb=1000, mem_mib=954, disk_mb=1000, disk_mib=954, tmpdir=/tmp, cpus=1, time=60, partition=serial_requeue


[Thu Dec 19 08:49:06 2024]
localrule mafft:
    input: ../../../../data/kit14/subsampled_nanopore_reads/opa_sequences_collated/DGI_65_60_opa_10.fa
    output: ../../../../data/kit14/subsampled_nanopore_reads/opa_sequences_aligned/DGI_65_60_opa_10.aln
    jobid: 50
    reason: Missing output files: ../../../../data/kit14/subsampled_nanopore_reads/opa_sequences_aligned/DGI_65_60_opa_10.aln
    wildcards: sample=DGI_65_60_opa_10
    resources: mem_mb=1000, mem_mib=954, disk_mb=1000, disk_mib=954, tmpdir=/tmp, cpus=1, time=60, partition=serial_requeue


[Thu Dec 19 08:49:06 2024]
localrule mafft:
    input: ../../../../data/kit14/subsampled_nanopore_reads/opa_sequences_collated/DGI_65_30_opa_8.fa
    output: ../../../../data/kit14/subsampled_nanopore_reads/opa_sequences_aligned/DGI_65_30_opa_8.aln
    jobid: 43
    reason: Missing output files: ../../../../data/kit14/subsampled_nanopore_reads/opa_sequences_aligned/DGI_65_30_opa_8.aln
    wildcards: sample=DGI_65_30_opa_8
    resources: mem_mb=1000, mem_mib=954, disk_mb=1000, disk_mib=954, tmpdir=/tmp, cpus=1, time=60, partition=serial_requeue


[Thu Dec 19 08:49:06 2024]
localrule mafft:
    input: ../../../../data/kit14/subsampled_nanopore_reads/opa_sequences_collated/DGI_65_15_opa_2.fa
    output: ../../../../data/kit14/subsampled_nanopore_reads/opa_sequences_aligned/DGI_65_15_opa_2.aln
    jobid: 36
    reason: Missing output files: ../../../../data/kit14/subsampled_nanopore_reads/opa_sequences_aligned/DGI_65_15_opa_2.aln
    wildcards: sample=DGI_65_15_opa_2
    resources: mem_mb=1000, mem_mib=954, disk_mb=1000, disk_mib=954, tmpdir=/tmp, cpus=1, time=60, partition=serial_requeue


[Thu Dec 19 08:49:06 2024]
localrule mafft:
    input: ../../../../data/kit14/subsampled_nanopore_reads/opa_sequences_collated/EEE029_15_opa_3.fa
    output: ../../../../data/kit14/subsampled_nanopore_reads/opa_sequences_aligned/EEE029_15_opa_3.aln
    jobid: 30
    reason: Missing output files: ../../../../data/kit14/subsampled_nanopore_reads/opa_sequences_aligned/EEE029_15_opa_3.aln
    wildcards: sample=EEE029_15_opa_3
    resources: mem_mb=1000, mem_mib=954, disk_mb=1000, disk_mib=954, tmpdir=/tmp, cpus=1, time=60, partition=serial_requeue


[Thu Dec 19 08:49:06 2024]
localrule mafft:
    input: ../../../../data/kit14/subsampled_nanopore_reads/opa_sequences_collated/EEE029_30_opa_2.fa
    output: ../../../../data/kit14/subsampled_nanopore_reads/opa_sequences_aligned/EEE029_30_opa_2.aln
    jobid: 23
    reason: Missing output files: ../../../../data/kit14/subsampled_nanopore_reads/opa_sequences_aligned/EEE029_30_opa_2.aln
    wildcards: sample=EEE029_30_opa_2
    resources: mem_mb=1000, mem_mib=954, disk_mb=1000, disk_mib=954, tmpdir=/tmp, cpus=1, time=60, partition=serial_requeue


[Thu Dec 19 08:49:06 2024]
localrule mafft:
    input: ../../../../data/kit14/subsampled_nanopore_reads/opa_sequences_collated/EEE029_60_opa_3.fa
    output: ../../../../data/kit14/subsampled_nanopore_reads/opa_sequences_aligned/EEE029_60_opa_3.aln
    jobid: 16
    reason: Missing output files: ../../../../data/kit14/subsampled_nanopore_reads/opa_sequences_aligned/EEE029_60_opa_3.aln
    wildcards: sample=EEE029_60_opa_3
    resources: mem_mb=1000, mem_mib=954, disk_mb=1000, disk_mib=954, tmpdir=/tmp, cpus=1, time=60, partition=serial_requeue


[Thu Dec 19 08:49:06 2024]
localrule mafft:
    input: ../../../../data/kit14/subsampled_nanopore_reads/opa_sequences_collated/EEE029_30_opa_1.fa
    output: ../../../../data/kit14/subsampled_nanopore_reads/opa_sequences_aligned/EEE029_30_opa_1.aln
    jobid: 2
    reason: Missing output files: ../../../../data/kit14/subsampled_nanopore_reads/opa_sequences_aligned/EEE029_30_opa_1.aln
    wildcards: sample=EEE029_30_opa_1
    resources: mem_mb=1000, mem_mib=954, disk_mb=1000, disk_mib=954, tmpdir=/tmp, cpus=1, time=60, partition=serial_requeue


[Thu Dec 19 08:49:06 2024]
localrule mafft:
    input: ../../../../data/kit14/subsampled_nanopore_reads/opa_sequences_collated/EEE029_30_opa_8.fa
    output: ../../../../data/kit14/subsampled_nanopore_reads/opa_sequences_aligned/EEE029_30_opa_8.aln
    jobid: 58
    reason: Missing output files: ../../../../data/kit14/subsampled_nanopore_reads/opa_sequences_aligned/EEE029_30_opa_8.aln
    wildcards: sample=EEE029_30_opa_8
    resources: mem_mb=1000, mem_mib=954, disk_mb=1000, disk_mib=954, tmpdir=/tmp, cpus=1, time=60, partition=serial_requeue


[Thu Dec 19 08:49:06 2024]
localrule mafft:
    input: ../../../../data/kit14/subsampled_nanopore_reads/opa_sequences_collated/EEE029_15_opa_5.fa
    output: ../../../../data/kit14/subsampled_nanopore_reads/opa_sequences_aligned/EEE029_15_opa_5.aln
    jobid: 51
    reason: Missing output files: ../../../../data/kit14/subsampled_nanopore_reads/opa_sequences_aligned/EEE029_15_opa_5.aln
    wildcards: sample=EEE029_15_opa_5
    resources: mem_mb=1000, mem_mib=954, disk_mb=1000, disk_mib=954, tmpdir=/tmp, cpus=1, time=60, partition=serial_requeue


[Thu Dec 19 08:49:06 2024]
localrule mafft:
    input: ../../../../data/kit14/subsampled_nanopore_reads/opa_sequences_collated/DGI_65_15_opa_9.fa
    output: ../../../../data/kit14/subsampled_nanopore_reads/opa_sequences_aligned/DGI_65_15_opa_9.aln
    jobid: 44
    reason: Missing output files: ../../../../data/kit14/subsampled_nanopore_reads/opa_sequences_aligned/DGI_65_15_opa_9.aln
    wildcards: sample=DGI_65_15_opa_9
    resources: mem_mb=1000, mem_mib=954, disk_mb=1000, disk_mib=954, tmpdir=/tmp, cpus=1, time=60, partition=serial_requeue


[Thu Dec 19 08:49:07 2024]
localrule mafft:
    input: ../../../../data/kit14/subsampled_nanopore_reads/opa_sequences_collated/DGI_65_60_opa_6.fa
    output: ../../../../data/kit14/subsampled_nanopore_reads/opa_sequences_aligned/DGI_65_60_opa_6.aln
    jobid: 37
    reason: Missing output files: ../../../../data/kit14/subsampled_nanopore_reads/opa_sequences_aligned/DGI_65_60_opa_6.aln
    wildcards: sample=DGI_65_60_opa_6
    resources: mem_mb=1000, mem_mib=954, disk_mb=1000, disk_mib=954, tmpdir=/tmp, cpus=1, time=60, partition=serial_requeue


[Thu Dec 19 08:49:07 2024]
localrule mafft:
    input: ../../../../data/kit14/subsampled_nanopore_reads/opa_sequences_collated/DGI_65_15_opa_3.fa
    output: ../../../../data/kit14/subsampled_nanopore_reads/opa_sequences_aligned/DGI_65_15_opa_3.aln
    jobid: 24
    reason: Missing output files: ../../../../data/kit14/subsampled_nanopore_reads/opa_sequences_aligned/DGI_65_15_opa_3.aln
    wildcards: sample=DGI_65_15_opa_3
    resources: mem_mb=1000, mem_mib=954, disk_mb=1000, disk_mib=954, tmpdir=/tmp, cpus=1, time=60, partition=serial_requeue


[Thu Dec 19 08:49:07 2024]
localrule mafft:
    input: ../../../../data/kit14/subsampled_nanopore_reads/opa_sequences_collated/EEE029_60_opa_2.fa
    output: ../../../../data/kit14/subsampled_nanopore_reads/opa_sequences_aligned/EEE029_60_opa_2.aln
    jobid: 17
    reason: Missing output files: ../../../../data/kit14/subsampled_nanopore_reads/opa_sequences_aligned/EEE029_60_opa_2.aln
    wildcards: sample=EEE029_60_opa_2
    resources: mem_mb=1000, mem_mib=954, disk_mb=1000, disk_mib=954, tmpdir=/tmp, cpus=1, time=60, partition=serial_requeue


[Thu Dec 19 08:49:07 2024]
localrule mafft:
    input: ../../../../data/kit14/subsampled_nanopore_reads/opa_sequences_collated/EEE029_30_opa_6.fa
    output: ../../../../data/kit14/subsampled_nanopore_reads/opa_sequences_aligned/EEE029_30_opa_6.aln
    jobid: 13
    reason: Missing output files: ../../../../data/kit14/subsampled_nanopore_reads/opa_sequences_aligned/EEE029_30_opa_6.aln
    wildcards: sample=EEE029_30_opa_6
    resources: mem_mb=1000, mem_mib=954, disk_mb=1000, disk_mib=954, tmpdir=/tmp, cpus=1, time=60, partition=serial_requeue


[Thu Dec 19 08:49:07 2024]
localrule mafft:
    input: ../../../../data/kit14/subsampled_nanopore_reads/opa_sequences_collated/EEE029_60_opa_11.fa
    output: ../../../../data/kit14/subsampled_nanopore_reads/opa_sequences_aligned/EEE029_60_opa_11.aln
    jobid: 59
    reason: Missing output files: ../../../../data/kit14/subsampled_nanopore_reads/opa_sequences_aligned/EEE029_60_opa_11.aln
    wildcards: sample=EEE029_60_opa_11
    resources: mem_mb=1000, mem_mib=954, disk_mb=1000, disk_mib=954, tmpdir=/tmp, cpus=1, time=60, partition=serial_requeue


[Thu Dec 19 08:49:07 2024]
localrule mafft:
    input: ../../../../data/kit14/subsampled_nanopore_reads/opa_sequences_collated/DGI_65_15_opa_8.fa
    output: ../../../../data/kit14/subsampled_nanopore_reads/opa_sequences_aligned/DGI_65_15_opa_8.aln
    jobid: 52
    reason: Missing output files: ../../../../data/kit14/subsampled_nanopore_reads/opa_sequences_aligned/DGI_65_15_opa_8.aln
    wildcards: sample=DGI_65_15_opa_8
    resources: mem_mb=1000, mem_mib=954, disk_mb=1000, disk_mib=954, tmpdir=/tmp, cpus=1, time=60, partition=serial_requeue

Activating conda environment: ../../../../../../../../../../../../../n/home13/qinqinyu/.conda/envs/e2567a912f876d4b0a43b53b260518c9_
Activating conda environment: ../../../../../../../../../../../../../n/home13/qinqinyu/.conda/envs/e2567a912f876d4b0a43b53b260518c9_
Activating conda environment: ../../../../../../../../../../../../../n/home13/qinqinyu/.conda/envs/e2567a912f876d4b0a43b53b260518c9_
[Thu Dec 19 08:49:10 2024]
Finished job 31.
1 of 64 steps (2%) done
[Thu Dec 19 08:49:10 2024]
Finished job 38.
2 of 64 steps (3%) done
[Thu Dec 19 08:49:10 2024]
Finished job 45.
3 of 64 steps (5%) done
Activating conda environment: ../../../../../../../../../../../../../n/home13/qinqinyu/.conda/envs/e2567a912f876d4b0a43b53b260518c9_
Activating conda environment: ../../../../../../../../../../../../../n/home13/qinqinyu/.conda/envs/e2567a912f876d4b0a43b53b260518c9_
Activating conda environment: ../../../../../../../../../../../../../n/home13/qinqinyu/.conda/envs/e2567a912f876d4b0a43b53b260518c9_
[Thu Dec 19 08:49:10 2024]
Finished job 3.
4 of 64 steps (6%) done
[Thu Dec 19 08:49:10 2024]
Finished job 25.
5 of 64 steps (8%) done
[Thu Dec 19 08:49:10 2024]
Finished job 18.
6 of 64 steps (9%) done
Activating conda environment: ../../../../../../../../../../../../../n/home13/qinqinyu/.conda/envs/e2567a912f876d4b0a43b53b260518c9_
[Thu Dec 19 08:49:14 2024]
Finished job 4.
7 of 64 steps (11%) done
Activating conda environment: ../../../../../../../../../../../../../n/home13/qinqinyu/.conda/envs/e2567a912f876d4b0a43b53b260518c9_
Activating conda environment: ../../../../../../../../../../../../../n/home13/qinqinyu/.conda/envs/e2567a912f876d4b0a43b53b260518c9_
[Thu Dec 19 08:49:14 2024]
Finished job 11.
8 of 64 steps (12%) done
[Thu Dec 19 08:49:14 2024]
Finished job 60.
9 of 64 steps (14%) done
Activating conda environment: ../../../../../../../../../../../../../n/home13/qinqinyu/.conda/envs/e2567a912f876d4b0a43b53b260518c9_
Activating conda environment: ../../../../../../../../../../../../../n/home13/qinqinyu/.conda/envs/e2567a912f876d4b0a43b53b260518c9_
Activating conda environment: ../../../../../../../../../../../../../n/home13/qinqinyu/.conda/envs/e2567a912f876d4b0a43b53b260518c9_
[Thu Dec 19 08:49:14 2024]
Finished job 46.
10 of 64 steps (16%) done
[Thu Dec 19 08:49:14 2024]
Finished job 53.
11 of 64 steps (17%) done
[Thu Dec 19 08:49:14 2024]
Finished job 39.
12 of 64 steps (19%) done
Activating conda environment: ../../../../../../../../../../../../../n/home13/qinqinyu/.conda/envs/e2567a912f876d4b0a43b53b260518c9_
[Thu Dec 19 08:49:18 2024]
Finished job 26.
13 of 64 steps (20%) done
Activating conda environment: ../../../../../../../../../../../../../n/home13/qinqinyu/.conda/envs/e2567a912f876d4b0a43b53b260518c9_
Activating conda environment: ../../../../../../../../../../../../../n/home13/qinqinyu/.conda/envs/e2567a912f876d4b0a43b53b260518c9_
Activating conda environment: ../../../../../../../../../../../../../n/home13/qinqinyu/.conda/envs/e2567a912f876d4b0a43b53b260518c9_
[Thu Dec 19 08:49:18 2024]
Finished job 19.
14 of 64 steps (22%) done
[Thu Dec 19 08:49:18 2024]
Finished job 5.
15 of 64 steps (23%) done
[Thu Dec 19 08:49:18 2024]
Finished job 32.
16 of 64 steps (25%) done
Activating conda environment: ../../../../../../../../../../../../../n/home13/qinqinyu/.conda/envs/e2567a912f876d4b0a43b53b260518c9_
Activating conda environment: ../../../../../../../../../../../../../n/home13/qinqinyu/.conda/envs/e2567a912f876d4b0a43b53b260518c9_
[Thu Dec 19 08:49:18 2024]
Finished job 7.
17 of 64 steps (27%) done
[Thu Dec 19 08:49:18 2024]
Finished job 61.
18 of 64 steps (28%) done
Activating conda environment: ../../../../../../../../../../../../../n/home13/qinqinyu/.conda/envs/e2567a912f876d4b0a43b53b260518c9_
Activating conda environment: ../../../../../../../../../../../../../n/home13/qinqinyu/.conda/envs/e2567a912f876d4b0a43b53b260518c9_
Activating conda environment: ../../../../../../../../../../../../../n/home13/qinqinyu/.conda/envs/e2567a912f876d4b0a43b53b260518c9_
[Thu Dec 19 08:49:22 2024]
Finished job 54.
19 of 64 steps (30%) done
[Thu Dec 19 08:49:22 2024]
Finished job 40.
20 of 64 steps (31%) done
[Thu Dec 19 08:49:22 2024]
Finished job 33.
21 of 64 steps (33%) done
Activating conda environment: ../../../../../../../../../../../../../n/home13/qinqinyu/.conda/envs/e2567a912f876d4b0a43b53b260518c9_
[Thu Dec 19 08:49:22 2024]
Finished job 47.
22 of 64 steps (34%) done
Activating conda environment: ../../../../../../../../../../../../../n/home13/qinqinyu/.conda/envs/e2567a912f876d4b0a43b53b260518c9_
[Thu Dec 19 08:49:22 2024]
Finished job 20.
23 of 64 steps (36%) done
Activating conda environment: ../../../../../../../../../../../../../n/home13/qinqinyu/.conda/envs/e2567a912f876d4b0a43b53b260518c9_
[Thu Dec 19 08:49:22 2024]
Finished job 27.
24 of 64 steps (38%) done
Activating conda environment: ../../../../../../../../../../../../../n/home13/qinqinyu/.conda/envs/e2567a912f876d4b0a43b53b260518c9_
[Thu Dec 19 08:49:26 2024]
Finished job 15.
25 of 64 steps (39%) done
Activating conda environment: ../../../../../../../../../../../../../n/home13/qinqinyu/.conda/envs/e2567a912f876d4b0a43b53b260518c9_
Activating conda environment: ../../../../../../../../../../../../../n/home13/qinqinyu/.conda/envs/e2567a912f876d4b0a43b53b260518c9_
[Thu Dec 19 08:49:26 2024]
Finished job 8.
26 of 64 steps (41%) done
[Thu Dec 19 08:49:26 2024]
Finished job 62.
27 of 64 steps (42%) done
Activating conda environment: ../../../../../../../../../../../../../n/home13/qinqinyu/.conda/envs/e2567a912f876d4b0a43b53b260518c9_
Activating conda environment: ../../../../../../../../../../../../../n/home13/qinqinyu/.conda/envs/e2567a912f876d4b0a43b53b260518c9_
Activating conda environment: ../../../../../../../../../../../../../n/home13/qinqinyu/.conda/envs/e2567a912f876d4b0a43b53b260518c9_
[Thu Dec 19 08:49:26 2024]
Finished job 55.
28 of 64 steps (44%) done
[Thu Dec 19 08:49:26 2024]
Finished job 48.
29 of 64 steps (45%) done
[Thu Dec 19 08:49:26 2024]
Finished job 41.
30 of 64 steps (47%) done
Activating conda environment: ../../../../../../../../../../../../../n/home13/qinqinyu/.conda/envs/e2567a912f876d4b0a43b53b260518c9_
[Thu Dec 19 08:49:30 2024]
Finished job 21.
31 of 64 steps (48%) done
Activating conda environment: ../../../../../../../../../../../../../n/home13/qinqinyu/.conda/envs/e2567a912f876d4b0a43b53b260518c9_
Activating conda environment: ../../../../../../../../../../../../../n/home13/qinqinyu/.conda/envs/e2567a912f876d4b0a43b53b260518c9_
Activating conda environment: ../../../../../../../../../../../../../n/home13/qinqinyu/.conda/envs/e2567a912f876d4b0a43b53b260518c9_
[Thu Dec 19 08:49:30 2024]
Finished job 28.
32 of 64 steps (50%) done
[Thu Dec 19 08:49:30 2024]
Finished job 34.
33 of 64 steps (52%) done
[Thu Dec 19 08:49:30 2024]
Finished job 9.
34 of 64 steps (53%) done
Activating conda environment: ../../../../../../../../../../../../../n/home13/qinqinyu/.conda/envs/e2567a912f876d4b0a43b53b260518c9_
Activating conda environment: ../../../../../../../../../../../../../n/home13/qinqinyu/.conda/envs/e2567a912f876d4b0a43b53b260518c9_
[Thu Dec 19 08:49:30 2024]
Finished job 12.
35 of 64 steps (55%) done
[Thu Dec 19 08:49:30 2024]
Finished job 63.
36 of 64 steps (56%) done
Activating conda environment: ../../../../../../../../../../../../../n/home13/qinqinyu/.conda/envs/e2567a912f876d4b0a43b53b260518c9_
Activating conda environment: ../../../../../../../../../../../../../n/home13/qinqinyu/.conda/envs/e2567a912f876d4b0a43b53b260518c9_
[Thu Dec 19 08:49:34 2024]
Finished job 56.
37 of 64 steps (58%) done
[Thu Dec 19 08:49:34 2024]
Finished job 14.
38 of 64 steps (59%) done
Activating conda environment: ../../../../../../../../../../../../../n/home13/qinqinyu/.conda/envs/e2567a912f876d4b0a43b53b260518c9_
Activating conda environment: ../../../../../../../../../../../../../n/home13/qinqinyu/.conda/envs/e2567a912f876d4b0a43b53b260518c9_
Activating conda environment: ../../../../../../../../../../../../../n/home13/qinqinyu/.conda/envs/e2567a912f876d4b0a43b53b260518c9_
[Thu Dec 19 08:49:34 2024]
Finished job 42.
39 of 64 steps (61%) done
[Thu Dec 19 08:49:34 2024]
Finished job 49.
40 of 64 steps (62%) done
[Thu Dec 19 08:49:34 2024]
Finished job 35.
41 of 64 steps (64%) done
Activating conda environment: ../../../../../../../../../../../../../n/home13/qinqinyu/.conda/envs/e2567a912f876d4b0a43b53b260518c9_
[Thu Dec 19 08:49:34 2024]
Finished job 29.
42 of 64 steps (66%) done
Activating conda environment: ../../../../../../../../../../../../../n/home13/qinqinyu/.conda/envs/e2567a912f876d4b0a43b53b260518c9_
Activating conda environment: ../../../../../../../../../../../../../n/home13/qinqinyu/.conda/envs/e2567a912f876d4b0a43b53b260518c9_
[Thu Dec 19 08:49:38 2024]
Finished job 22.
43 of 64 steps (67%) done
[Thu Dec 19 08:49:38 2024]
Finished job 10.
44 of 64 steps (69%) done
Activating conda environment: ../../../../../../../../../../../../../n/home13/qinqinyu/.conda/envs/e2567a912f876d4b0a43b53b260518c9_
[Thu Dec 19 08:49:38 2024]
Finished job 6.
45 of 64 steps (70%) done
Activating conda environment: ../../../../../../../../../../../../../n/home13/qinqinyu/.conda/envs/e2567a912f876d4b0a43b53b260518c9_
Activating conda environment: ../../../../../../../../../../../../../n/home13/qinqinyu/.conda/envs/e2567a912f876d4b0a43b53b260518c9_
[Thu Dec 19 08:49:38 2024]
Finished job 1.
46 of 64 steps (72%) done
[Thu Dec 19 08:49:38 2024]
Finished job 57.
47 of 64 steps (73%) done
Activating conda environment: ../../../../../../../../../../../../../n/home13/qinqinyu/.conda/envs/e2567a912f876d4b0a43b53b260518c9_
[Thu Dec 19 08:49:38 2024]
Finished job 50.
48 of 64 steps (75%) done
Activating conda environment: ../../../../../../../../../../../../../n/home13/qinqinyu/.conda/envs/e2567a912f876d4b0a43b53b260518c9_
Activating conda environment: ../../../../../../../../../../../../../n/home13/qinqinyu/.conda/envs/e2567a912f876d4b0a43b53b260518c9_
[Thu Dec 19 08:49:42 2024]
Finished job 36.
49 of 64 steps (77%) done
[Thu Dec 19 08:49:42 2024]
Finished job 43.
50 of 64 steps (78%) done
Activating conda environment: ../../../../../../../../../../../../../n/home13/qinqinyu/.conda/envs/e2567a912f876d4b0a43b53b260518c9_
[Thu Dec 19 08:49:42 2024]
Finished job 30.
51 of 64 steps (80%) done
Activating conda environment: ../../../../../../../../../../../../../n/home13/qinqinyu/.conda/envs/e2567a912f876d4b0a43b53b260518c9_
Activating conda environment: ../../../../../../../../../../../../../n/home13/qinqinyu/.conda/envs/e2567a912f876d4b0a43b53b260518c9_
[Thu Dec 19 08:49:42 2024]
Finished job 23.
52 of 64 steps (81%) done
[Thu Dec 19 08:49:42 2024]
Finished job 16.
53 of 64 steps (83%) done
Activating conda environment: ../../../../../../../../../../../../../n/home13/qinqinyu/.conda/envs/e2567a912f876d4b0a43b53b260518c9_
[Thu Dec 19 08:49:42 2024]
Finished job 2.
54 of 64 steps (84%) done
Activating conda environment: ../../../../../../../../../../../../../n/home13/qinqinyu/.conda/envs/e2567a912f876d4b0a43b53b260518c9_
Activating conda environment: ../../../../../../../../../../../../../n/home13/qinqinyu/.conda/envs/e2567a912f876d4b0a43b53b260518c9_
[Thu Dec 19 08:49:46 2024]
Finished job 51.
55 of 64 steps (86%) done
[Thu Dec 19 08:49:46 2024]
Finished job 44.
56 of 64 steps (88%) done
Activating conda environment: ../../../../../../../../../../../../../n/home13/qinqinyu/.conda/envs/e2567a912f876d4b0a43b53b260518c9_
[Thu Dec 19 08:49:46 2024]
Finished job 58.
57 of 64 steps (89%) done
[Thu Dec 19 08:49:46 2024]
Finished job 37.
58 of 64 steps (91%) done
[Thu Dec 19 08:49:46 2024]
Finished job 24.
59 of 64 steps (92%) done
[Thu Dec 19 08:49:46 2024]
Finished job 17.
60 of 64 steps (94%) done
[Thu Dec 19 08:49:48 2024]
Finished job 59.
61 of 64 steps (95%) done
[Thu Dec 19 08:49:48 2024]
Finished job 13.
62 of 64 steps (97%) done
[Thu Dec 19 08:49:48 2024]
Finished job 52.
63 of 64 steps (98%) done
Select jobs to execute...

[Thu Dec 19 08:49:48 2024]
localrule all:
    input: ../../../../data/kit14/subsampled_nanopore_reads/opa_sequences_aligned/EEE029_15_opa_8.aln, ../../../../data/kit14/subsampled_nanopore_reads/opa_sequences_aligned/EEE029_30_opa_1.aln, ../../../../data/kit14/subsampled_nanopore_reads/opa_sequences_aligned/EEE029_30_opa_4.aln, ../../../../data/kit14/subsampled_nanopore_reads/opa_sequences_aligned/DGI_65_30_opa_3.aln, ../../../../data/kit14/subsampled_nanopore_reads/opa_sequences_aligned/DGI_65_30_opa_7.aln, ../../../../data/kit14/subsampled_nanopore_reads/opa_sequences_aligned/DGI_65_15_opa_4.aln, ../../../../data/kit14/subsampled_nanopore_reads/opa_sequences_aligned/DGI_65_15_opa_6.aln, ../../../../data/kit14/subsampled_nanopore_reads/opa_sequences_aligned/DGI_65_60_opa_2.aln, ../../../../data/kit14/subsampled_nanopore_reads/opa_sequences_aligned/DGI_65_60_opa_4.aln, ../../../../data/kit14/subsampled_nanopore_reads/opa_sequences_aligned/EEE029_15_opa_9.aln, ../../../../data/kit14/subsampled_nanopore_reads/opa_sequences_aligned/EEE029_30_opa_10.aln, ../../../../data/kit14/subsampled_nanopore_reads/opa_sequences_aligned/EEE029_30_opa_3.aln, ../../../../data/kit14/subsampled_nanopore_reads/opa_sequences_aligned/EEE029_30_opa_6.aln, ../../../../data/kit14/subsampled_nanopore_reads/opa_sequences_aligned/DGI_65_15_opa_1.aln, ../../../../data/kit14/subsampled_nanopore_reads/opa_sequences_aligned/DGI_65_30_opa_4.aln, ../../../../data/kit14/subsampled_nanopore_reads/opa_sequences_aligned/EEE029_60_opa_3.aln, ../../../../data/kit14/subsampled_nanopore_reads/opa_sequences_aligned/EEE029_60_opa_2.aln, ../../../../data/kit14/subsampled_nanopore_reads/opa_sequences_aligned/DGI_65_15_opa_7.aln, ../../../../data/kit14/subsampled_nanopore_reads/opa_sequences_aligned/DGI_65_60_opa_8.aln, ../../../../data/kit14/subsampled_nanopore_reads/opa_sequences_aligned/EEE029_60_opa_10.aln, ../../../../data/kit14/subsampled_nanopore_reads/opa_sequences_aligned/DGI_65_60_opa_5.aln, ../../../../data/kit14/subsampled_nanopore_reads/opa_sequences_aligned/DGI_65_60_opa_7.aln, ../../../../data/kit14/subsampled_nanopore_reads/opa_sequences_aligned/EEE029_30_opa_2.aln, ../../../../data/kit14/subsampled_nanopore_reads/opa_sequences_aligned/DGI_65_15_opa_3.aln, ../../../../data/kit14/subsampled_nanopore_reads/opa_sequences_aligned/EEE029_15_opa_4.aln, ../../../../data/kit14/subsampled_nanopore_reads/opa_sequences_aligned/EEE029_30_opa_5.aln, ../../../../data/kit14/subsampled_nanopore_reads/opa_sequences_aligned/DGI_65_60_opa_3.aln, ../../../../data/kit14/subsampled_nanopore_reads/opa_sequences_aligned/DGI_65_15_opa_10.aln, ../../../../data/kit14/subsampled_nanopore_reads/opa_sequences_aligned/EEE029_60_opa_6.aln, ../../../../data/kit14/subsampled_nanopore_reads/opa_sequences_aligned/EEE029_15_opa_3.aln, ../../../../data/kit14/subsampled_nanopore_reads/opa_sequences_aligned/DGI_65_30_opa_5.aln, ../../../../data/kit14/subsampled_nanopore_reads/opa_sequences_aligned/EEE029_60_opa_4.aln, ../../../../data/kit14/subsampled_nanopore_reads/opa_sequences_aligned/EEE029_60_opa_5.aln, ../../../../data/kit14/subsampled_nanopore_reads/opa_sequences_aligned/EEE029_15_opa_1.aln, ../../../../data/kit14/subsampled_nanopore_reads/opa_sequences_aligned/EEE029_30_opa_11.aln, ../../../../data/kit14/subsampled_nanopore_reads/opa_sequences_aligned/DGI_65_15_opa_2.aln, ../../../../data/kit14/subsampled_nanopore_reads/opa_sequences_aligned/DGI_65_60_opa_6.aln, ../../../../data/kit14/subsampled_nanopore_reads/opa_sequences_aligned/DGI_65_60_opa_1.aln, ../../../../data/kit14/subsampled_nanopore_reads/opa_sequences_aligned/EEE029_15_opa_2.aln, ../../../../data/kit14/subsampled_nanopore_reads/opa_sequences_aligned/EEE029_30_opa_9.aln, ../../../../data/kit14/subsampled_nanopore_reads/opa_sequences_aligned/EEE029_60_opa_7.aln, ../../../../data/kit14/subsampled_nanopore_reads/opa_sequences_aligned/DGI_65_30_opa_2.aln, ../../../../data/kit14/subsampled_nanopore_reads/opa_sequences_aligned/DGI_65_30_opa_8.aln, ../../../../data/kit14/subsampled_nanopore_reads/opa_sequences_aligned/DGI_65_15_opa_9.aln, ../../../../data/kit14/subsampled_nanopore_reads/opa_sequences_aligned/DGI_65_30_opa_9.aln, ../../../../data/kit14/subsampled_nanopore_reads/opa_sequences_aligned/EEE029_60_opa_1.aln, ../../../../data/kit14/subsampled_nanopore_reads/opa_sequences_aligned/DGI_65_60_opa_9.aln, ../../../../data/kit14/subsampled_nanopore_reads/opa_sequences_aligned/EEE029_15_opa_6.aln, ../../../../data/kit14/subsampled_nanopore_reads/opa_sequences_aligned/EEE029_15_opa_7.aln, ../../../../data/kit14/subsampled_nanopore_reads/opa_sequences_aligned/DGI_65_60_opa_10.aln, ../../../../data/kit14/subsampled_nanopore_reads/opa_sequences_aligned/EEE029_15_opa_5.aln, ../../../../data/kit14/subsampled_nanopore_reads/opa_sequences_aligned/DGI_65_15_opa_8.aln, ../../../../data/kit14/subsampled_nanopore_reads/opa_sequences_aligned/DGI_65_30_opa_6.aln, ../../../../data/kit14/subsampled_nanopore_reads/opa_sequences_aligned/DGI_65_30_opa_1.aln, ../../../../data/kit14/subsampled_nanopore_reads/opa_sequences_aligned/EEE029_30_opa_7.aln, ../../../../data/kit14/subsampled_nanopore_reads/opa_sequences_aligned/EEE029_60_opa_9.aln, ../../../../data/kit14/subsampled_nanopore_reads/opa_sequences_aligned/EEE029_15_opa_11.aln, ../../../../data/kit14/subsampled_nanopore_reads/opa_sequences_aligned/EEE029_30_opa_8.aln, ../../../../data/kit14/subsampled_nanopore_reads/opa_sequences_aligned/EEE029_60_opa_11.aln, ../../../../data/kit14/subsampled_nanopore_reads/opa_sequences_aligned/DGI_65_15_opa_5.aln, ../../../../data/kit14/subsampled_nanopore_reads/opa_sequences_aligned/DGI_65_30_opa_10.aln, ../../../../data/kit14/subsampled_nanopore_reads/opa_sequences_aligned/EEE029_15_opa_10.aln, ../../../../data/kit14/subsampled_nanopore_reads/opa_sequences_aligned/EEE029_60_opa_8.aln
    jobid: 0
    reason: Input files updated by another job: ../../../../data/kit14/subsampled_nanopore_reads/opa_sequences_aligned/EEE029_30_opa_5.aln, ../../../../data/kit14/subsampled_nanopore_reads/opa_sequences_aligned/EEE029_60_opa_2.aln, ../../../../data/kit14/subsampled_nanopore_reads/opa_sequences_aligned/DGI_65_60_opa_10.aln, ../../../../data/kit14/subsampled_nanopore_reads/opa_sequences_aligned/DGI_65_15_opa_10.aln, ../../../../data/kit14/subsampled_nanopore_reads/opa_sequences_aligned/DGI_65_60_opa_5.aln, ../../../../data/kit14/subsampled_nanopore_reads/opa_sequences_aligned/EEE029_15_opa_10.aln, ../../../../data/kit14/subsampled_nanopore_reads/opa_sequences_aligned/DGI_65_60_opa_8.aln, ../../../../data/kit14/subsampled_nanopore_reads/opa_sequences_aligned/DGI_65_30_opa_6.aln, ../../../../data/kit14/subsampled_nanopore_reads/opa_sequences_aligned/DGI_65_30_opa_8.aln, ../../../../data/kit14/subsampled_nanopore_reads/opa_sequences_aligned/EEE029_30_opa_3.aln, ../../../../data/kit14/subsampled_nanopore_reads/opa_sequences_aligned/EEE029_30_opa_1.aln, ../../../../data/kit14/subsampled_nanopore_reads/opa_sequences_aligned/EEE029_15_opa_3.aln, ../../../../data/kit14/subsampled_nanopore_reads/opa_sequences_aligned/EEE029_60_opa_11.aln, ../../../../data/kit14/subsampled_nanopore_reads/opa_sequences_aligned/DGI_65_30_opa_10.aln, ../../../../data/kit14/subsampled_nanopore_reads/opa_sequences_aligned/DGI_65_15_opa_7.aln, ../../../../data/kit14/subsampled_nanopore_reads/opa_sequences_aligned/DGI_65_60_opa_9.aln, ../../../../data/kit14/subsampled_nanopore_reads/opa_sequences_aligned/EEE029_15_opa_4.aln, ../../../../data/kit14/subsampled_nanopore_reads/opa_sequences_aligned/DGI_65_15_opa_8.aln, ../../../../data/kit14/subsampled_nanopore_reads/opa_sequences_aligned/DGI_65_30_opa_1.aln, ../../../../data/kit14/subsampled_nanopore_reads/opa_sequences_aligned/EEE029_15_opa_11.aln, ../../../../data/kit14/subsampled_nanopore_reads/opa_sequences_aligned/EEE029_60_opa_5.aln, ../../../../data/kit14/subsampled_nanopore_reads/opa_sequences_aligned/EEE029_60_opa_3.aln, ../../../../data/kit14/subsampled_nanopore_reads/opa_sequences_aligned/DGI_65_15_opa_6.aln, ../../../../data/kit14/subsampled_nanopore_reads/opa_sequences_aligned/EEE029_60_opa_4.aln, ../../../../data/kit14/subsampled_nanopore_reads/opa_sequences_aligned/DGI_65_15_opa_3.aln, ../../../../data/kit14/subsampled_nanopore_reads/opa_sequences_aligned/DGI_65_30_opa_9.aln, ../../../../data/kit14/subsampled_nanopore_reads/opa_sequences_aligned/EEE029_30_opa_10.aln, ../../../../data/kit14/subsampled_nanopore_reads/opa_sequences_aligned/DGI_65_60_opa_1.aln, ../../../../data/kit14/subsampled_nanopore_reads/opa_sequences_aligned/EEE029_30_opa_7.aln, ../../../../data/kit14/subsampled_nanopore_reads/opa_sequences_aligned/EEE029_60_opa_7.aln, ../../../../data/kit14/subsampled_nanopore_reads/opa_sequences_aligned/EEE029_30_opa_4.aln, ../../../../data/kit14/subsampled_nanopore_reads/opa_sequences_aligned/DGI_65_30_opa_5.aln, ../../../../data/kit14/subsampled_nanopore_reads/opa_sequences_aligned/DGI_65_30_opa_3.aln, ../../../../data/kit14/subsampled_nanopore_reads/opa_sequences_aligned/DGI_65_15_opa_1.aln, ../../../../data/kit14/subsampled_nanopore_reads/opa_sequences_aligned/DGI_65_30_opa_2.aln, ../../../../data/kit14/subsampled_nanopore_reads/opa_sequences_aligned/DGI_65_60_opa_7.aln, ../../../../data/kit14/subsampled_nanopore_reads/opa_sequences_aligned/EEE029_15_opa_1.aln, ../../../../data/kit14/subsampled_nanopore_reads/opa_sequences_aligned/EEE029_30_opa_8.aln, ../../../../data/kit14/subsampled_nanopore_reads/opa_sequences_aligned/EEE029_15_opa_9.aln, ../../../../data/kit14/subsampled_nanopore_reads/opa_sequences_aligned/DGI_65_30_opa_4.aln, ../../../../data/kit14/subsampled_nanopore_reads/opa_sequences_aligned/DGI_65_30_opa_7.aln, ../../../../data/kit14/subsampled_nanopore_reads/opa_sequences_aligned/EEE029_60_opa_10.aln, ../../../../data/kit14/subsampled_nanopore_reads/opa_sequences_aligned/DGI_65_60_opa_6.aln, ../../../../data/kit14/subsampled_nanopore_reads/opa_sequences_aligned/DGI_65_15_opa_9.aln, ../../../../data/kit14/subsampled_nanopore_reads/opa_sequences_aligned/DGI_65_60_opa_3.aln, ../../../../data/kit14/subsampled_nanopore_reads/opa_sequences_aligned/EEE029_15_opa_7.aln, ../../../../data/kit14/subsampled_nanopore_reads/opa_sequences_aligned/EEE029_30_opa_2.aln, ../../../../data/kit14/subsampled_nanopore_reads/opa_sequences_aligned/EEE029_15_opa_8.aln, ../../../../data/kit14/subsampled_nanopore_reads/opa_sequences_aligned/DGI_65_60_opa_4.aln, ../../../../data/kit14/subsampled_nanopore_reads/opa_sequences_aligned/EEE029_15_opa_5.aln, ../../../../data/kit14/subsampled_nanopore_reads/opa_sequences_aligned/DGI_65_15_opa_5.aln, ../../../../data/kit14/subsampled_nanopore_reads/opa_sequences_aligned/DGI_65_60_opa_2.aln, ../../../../data/kit14/subsampled_nanopore_reads/opa_sequences_aligned/EEE029_30_opa_9.aln, ../../../../data/kit14/subsampled_nanopore_reads/opa_sequences_aligned/EEE029_60_opa_1.aln, ../../../../data/kit14/subsampled_nanopore_reads/opa_sequences_aligned/EEE029_15_opa_6.aln, ../../../../data/kit14/subsampled_nanopore_reads/opa_sequences_aligned/EEE029_60_opa_9.aln, ../../../../data/kit14/subsampled_nanopore_reads/opa_sequences_aligned/EEE029_60_opa_8.aln, ../../../../data/kit14/subsampled_nanopore_reads/opa_sequences_aligned/EEE029_30_opa_11.aln, ../../../../data/kit14/subsampled_nanopore_reads/opa_sequences_aligned/EEE029_15_opa_2.aln, ../../../../data/kit14/subsampled_nanopore_reads/opa_sequences_aligned/EEE029_60_opa_6.aln, ../../../../data/kit14/subsampled_nanopore_reads/opa_sequences_aligned/DGI_65_15_opa_4.aln, ../../../../data/kit14/subsampled_nanopore_reads/opa_sequences_aligned/DGI_65_15_opa_2.aln, ../../../../data/kit14/subsampled_nanopore_reads/opa_sequences_aligned/EEE029_30_opa_6.aln
    resources: mem_mb=1000, mem_mib=954, disk_mb=1000, disk_mib=954, tmpdir=/tmp, cpus=1, time=60, partition=serial_requeue

[Thu Dec 19 08:49:48 2024]
Finished job 0.
64 of 64 steps (100%) done
Complete log: .snakemake/log/2024-12-19T084857.079790.snakemake.log
