Building DAG of jobs...
MissingInputException in rule all in file /net/holy-nfsisilon/ifs/rc_labs/grad_lab/Users/qinqinyu/projects/nanopore_polishing/scripts/compare_opas/mafft_snakemake/Snakefile, line 6:
Missing input files for rule all:
    affected files:
        ../../../data/kit14/opa_sequences_aligned/EEE029a_VI_opa_1.fa
        ../../../data/kit14/opa_sequences_aligned/DGI_65b_IV_opa_3.fa
        ../../../data/kit14/opa_sequences_aligned/EEE029b_VI_opa_3.fa
        ../../../data/kit14/opa_sequences_aligned/DGI_65_opa_8.fa
        ../../../data/kit14/opa_sequences_aligned/EEE029a_VI_opa_7.fa
        ../../../data/kit14/opa_sequences_aligned/DGI_65b_IV_opa_1.fa
        ../../../data/kit14/opa_sequences_aligned/EEE029a_VI_opa_6.fa
        ../../../data/kit14/opa_sequences_aligned/EEE029_opa_1.fa
        ../../../data/kit14/opa_sequences_aligned/DGI_65b_IV_opa_6.fa
        ../../../data/kit14/opa_sequences_aligned/DGI_65b_IV_opa_4.fa
        ../../../data/kit14/opa_sequences_aligned/EEE029_opa_3.fa
        ../../../data/kit14/opa_sequences_aligned/EEE029_opa_2.fa
        ../../../data/kit14/opa_sequences_aligned/EEE029a_VI_opa_11.fa
        ../../../data/kit14/opa_sequences_aligned/DGI_65a_II_opa_9.fa
        ../../../data/kit14/opa_sequences_aligned/.ipynb_checkpoints/DGI_65a_II_opa_1-checkpoint.fa
        ../../../data/kit14/opa_sequences_aligned/DGI_65_opa_10.fa
        ../../../data/kit14/opa_sequences_aligned/DGI_65a_II_opa_4.fa
        ../../../data/kit14/opa_sequences_aligned/DGI_65_opa_6.fa
        ../../../data/kit14/opa_sequences_aligned/DGI_65b_IV_opa_10.fa
        ../../../data/kit14/opa_sequences_aligned/EEE029a_VI_opa_5.fa
        ../../../data/kit14/opa_sequences_aligned/EEE029a_VI_opa_10.fa
        ../../../data/kit14/opa_sequences_aligned/EEE029_opa_7.fa
        ../../../data/kit14/opa_sequences_aligned/EEE029b_VI_opa_11.fa
        ../../../data/kit14/opa_sequences_aligned/DGI_65a_II_opa_5.fa
        ../../../data/kit14/opa_sequences_aligned/EEE029a_VI_opa_9.fa
        ../../../data/kit14/opa_sequences_aligned/EEE029b_VI_opa_4.fa
        ../../../data/kit14/opa_sequences_aligned/DGI_65b_IV_opa_8.fa
        ../../../data/kit14/opa_sequences_aligned/DGI_65a_II_opa_2.fa
        ../../../data/kit14/opa_sequences_aligned/DGI_65a_II_opa_10.fa
        ../../../data/kit14/opa_sequences_aligned/EEE029b_VI_opa_1.fa
        ../../../data/kit14/opa_sequences_aligned/EEE029b_VI_opa_8.fa
        ../../../data/kit14/opa_sequences_aligned/EEE029b_VI_opa_6.fa
        ../../../data/kit14/opa_sequences_aligned/DGI_65a_II_opa_7.fa
        ../../../data/kit14/opa_sequences_aligned/DGI_65_opa_2.fa
        ../../../data/kit14/opa_sequences_aligned/EEE029b_VI_opa_10.fa
        ../../../data/kit14/opa_sequences_aligned/DGI_65b_IV_opa_9.fa
        ../../../data/kit14/opa_sequences_aligned/EEE029a_VI_opa_3.fa
        ../../../data/kit14/opa_sequences_aligned/EEE029a_VI_opa_8.fa
        ../../../data/kit14/opa_sequences_aligned/DGI_65_opa_7.fa
        ../../../data/kit14/opa_sequences_aligned/EEE029b_VI_opa_7.fa
        ../../../data/kit14/opa_sequences_aligned/DGI_65_opa_4.fa
        ../../../data/kit14/opa_sequences_aligned/EEE029b_VI_opa_5.fa
        ../../../data/kit14/opa_sequences_aligned/DGI_65a_II_opa_1.fa
        ../../../data/kit14/opa_sequences_aligned/DGI_65a_II_opa_3.fa
        ../../../data/kit14/opa_sequences_aligned/EEE029_opa_9.fa
        ../../../data/kit14/opa_sequences_aligned/EEE029_opa_8.fa
        ../../../data/kit14/opa_sequences_aligned/EEE029_opa_4.fa
        ../../../data/kit14/opa_sequences_aligned/EEE029_opa_6.fa
        ../../../data/kit14/opa_sequences_aligned/DGI_65_opa_3.fa
        ../../../data/kit14/opa_sequences_aligned/DGI_65b_IV_opa_2.fa
        ../../../data/kit14/opa_sequences_aligned/DGI_65_opa_5.fa
        ../../../data/kit14/opa_sequences_aligned/EEE029a_VI_opa_2.fa
        ../../../data/kit14/opa_sequences_aligned/EEE029_opa_11.fa
        ../../../data/kit14/opa_sequences_aligned/EEE029b_VI_opa_2.fa
        ../../../data/kit14/opa_sequences_aligned/EEE029a_VI_opa_4.fa
        ../../../data/kit14/opa_sequences_aligned/DGI_65a_II_opa_8.fa
        ../../../data/kit14/opa_sequences_aligned/EEE029_opa_10.fa
        ../../../data/kit14/opa_sequences_aligned/DGI_65_opa_9.fa
        ../../../data/kit14/opa_sequences_aligned/EEE029b_VI_opa_9.fa
        ../../../data/kit14/opa_sequences_aligned/DGI_65_opa_1.fa
        ../../../data/kit14/opa_sequences_aligned/DGI_65a_II_opa_6.fa
        ../../../data/kit14/opa_sequences_aligned/DGI_65b_IV_opa_7.fa
        ../../../data/kit14/opa_sequences_aligned/EEE029_opa_5.fa
        ../../../data/kit14/opa_sequences_aligned/DGI_65b_IV_opa_5.fa
