Building DAG of jobs...
Your conda installation is not configured to use strict channel priorities. This is however crucial for having robust and correct environments (for details, see https://conda-forge.org/docs/user/tipsandtricks.html). Please consider to configure strict priorities by executing 'conda config --set channel_priority strict'.
Creating conda environment conda_envs/mafft.yml...
Downloading and installing remote packages.
Environment for /net/holy-nfsisilon/ifs/rc_labs/grad_lab/Users/qinqinyu/projects/nanopore_polishing/scripts/compare_opas/mafft_snakemake/conda_envs/mafft.yml created (location: ../../../../../../../../../../../../n/home13/qinqinyu/.conda/envs/e2567a912f876d4b0a43b53b260518c9_)
Using shell: /usr/bin/bash
Provided cluster nodes: 100
Job stats:
job      count
-----  -------
all          1
mafft       21
total       22

Select jobs to execute...

[Thu Jan 30 13:31:53 2025]
localrule mafft:
    input: ../../../data/kit14/opa_sequences_collated/DGI_65_opa_7.fa
    output: ../../../data/kit14/opa_sequences_aligned/DGI_65_opa_7.aln
    jobid: 31
    reason: Updated input files: ../../../data/kit14/opa_sequences_collated/DGI_65_opa_7.fa
    wildcards: sample=DGI_65_opa_7
    resources: mem_mb=1000, mem_mib=954, disk_mb=1000, disk_mib=954, tmpdir=/tmp, cpus=1, time=60, partition=serial_requeue

Activating conda environment: ../../../../../../../../../../../../n/home13/qinqinyu/.conda/envs/e2567a912f876d4b0a43b53b260518c9_

[Thu Jan 30 13:31:53 2025]
localrule mafft:
    input: ../../../data/kit14/opa_sequences_collated/DGI_65_opa_1.fa
    output: ../../../data/kit14/opa_sequences_aligned/DGI_65_opa_1.aln
    jobid: 46
    reason: Updated input files: ../../../data/kit14/opa_sequences_collated/DGI_65_opa_1.fa
    wildcards: sample=DGI_65_opa_1
    resources: mem_mb=1000, mem_mib=954, disk_mb=1000, disk_mib=954, tmpdir=/tmp, cpus=1, time=60, partition=serial_requeue

Activating conda environment: ../../../../../../../../../../../../n/home13/qinqinyu/.conda/envs/e2567a912f876d4b0a43b53b260518c9_

[Thu Jan 30 13:31:53 2025]
localrule mafft:
    input: ../../../data/kit14/opa_sequences_collated/EEE029_opa_7.fa
    output: ../../../data/kit14/opa_sequences_aligned/EEE029_opa_7.aln
    jobid: 32
    reason: Updated input files: ../../../data/kit14/opa_sequences_collated/EEE029_opa_7.fa
    wildcards: sample=EEE029_opa_7
    resources: mem_mb=1000, mem_mib=954, disk_mb=1000, disk_mib=954, tmpdir=/tmp, cpus=1, time=60, partition=serial_requeue

Activating conda environment: ../../../../../../../../../../../../n/home13/qinqinyu/.conda/envs/e2567a912f876d4b0a43b53b260518c9_

[Thu Jan 30 13:31:53 2025]
localrule mafft:
    input: ../../../data/kit14/opa_sequences_collated/DGI_65_opa_4.fa
    output: ../../../data/kit14/opa_sequences_aligned/DGI_65_opa_4.aln
    jobid: 26
    reason: Updated input files: ../../../data/kit14/opa_sequences_collated/DGI_65_opa_4.fa
    wildcards: sample=DGI_65_opa_4
    resources: mem_mb=1000, mem_mib=954, disk_mb=1000, disk_mib=954, tmpdir=/tmp, cpus=1, time=60, partition=serial_requeue

Activating conda environment: ../../../../../../../../../../../../n/home13/qinqinyu/.conda/envs/e2567a912f876d4b0a43b53b260518c9_

[Thu Jan 30 13:31:53 2025]
localrule mafft:
    input: ../../../data/kit14/opa_sequences_collated/EEE029_opa_1.fa
    output: ../../../data/kit14/opa_sequences_aligned/EEE029_opa_1.aln
    jobid: 19
    reason: Updated input files: ../../../data/kit14/opa_sequences_collated/EEE029_opa_1.fa
    wildcards: sample=EEE029_opa_1
    resources: mem_mb=1000, mem_mib=954, disk_mb=1000, disk_mib=954, tmpdir=/tmp, cpus=1, time=60, partition=serial_requeue

Activating conda environment: ../../../../../../../../../../../../n/home13/qinqinyu/.conda/envs/e2567a912f876d4b0a43b53b260518c9_

[Thu Jan 30 13:31:53 2025]
localrule mafft:
    input: ../../../data/kit14/opa_sequences_collated/EEE029_opa_9.fa
    output: ../../../data/kit14/opa_sequences_aligned/EEE029_opa_9.aln
    jobid: 61
    reason: Updated input files: ../../../data/kit14/opa_sequences_collated/EEE029_opa_9.fa
    wildcards: sample=EEE029_opa_9
    resources: mem_mb=1000, mem_mib=954, disk_mb=1000, disk_mib=954, tmpdir=/tmp, cpus=1, time=60, partition=serial_requeue

Activating conda environment: ../../../../../../../../../../../../n/home13/qinqinyu/.conda/envs/e2567a912f876d4b0a43b53b260518c9_

[Thu Jan 30 13:31:54 2025]
localrule mafft:
    input: ../../../data/kit14/opa_sequences_collated/EEE029_opa_4.fa
    output: ../../../data/kit14/opa_sequences_aligned/EEE029_opa_4.aln
    jobid: 54
    reason: Updated input files: ../../../data/kit14/opa_sequences_collated/EEE029_opa_4.fa
    wildcards: sample=EEE029_opa_4
    resources: mem_mb=1000, mem_mib=954, disk_mb=1000, disk_mib=954, tmpdir=/tmp, cpus=1, time=60, partition=serial_requeue


[Thu Jan 30 13:31:54 2025]
localrule mafft:
    input: ../../../data/kit14/opa_sequences_collated/EEE029_opa_8.fa
    output: ../../../data/kit14/opa_sequences_aligned/EEE029_opa_8.aln
    jobid: 20
    reason: Updated input files: ../../../data/kit14/opa_sequences_collated/EEE029_opa_8.fa
    wildcards: sample=EEE029_opa_8
    resources: mem_mb=1000, mem_mib=954, disk_mb=1000, disk_mib=954, tmpdir=/tmp, cpus=1, time=60, partition=serial_requeue


[Thu Jan 30 13:31:54 2025]
localrule mafft:
    input: ../../../data/kit14/opa_sequences_collated/DGI_65_opa_5.fa
    output: ../../../data/kit14/opa_sequences_aligned/DGI_65_opa_5.aln
    jobid: 62
    reason: Updated input files: ../../../data/kit14/opa_sequences_collated/DGI_65_opa_5.fa
    wildcards: sample=DGI_65_opa_5
    resources: mem_mb=1000, mem_mib=954, disk_mb=1000, disk_mib=954, tmpdir=/tmp, cpus=1, time=60, partition=serial_requeue


[Thu Jan 30 13:31:54 2025]
localrule mafft:
    input: ../../../data/kit14/opa_sequences_collated/EEE029_opa_11.fa
    output: ../../../data/kit14/opa_sequences_aligned/EEE029_opa_11.aln
    jobid: 55
    reason: Updated input files: ../../../data/kit14/opa_sequences_collated/EEE029_opa_11.fa
    wildcards: sample=EEE029_opa_11
    resources: mem_mb=1000, mem_mib=954, disk_mb=1000, disk_mib=954, tmpdir=/tmp, cpus=1, time=60, partition=serial_requeue


[Thu Jan 30 13:31:54 2025]
localrule mafft:
    input: ../../../data/kit14/opa_sequences_collated/DGI_65_opa_2.fa
    output: ../../../data/kit14/opa_sequences_aligned/DGI_65_opa_2.aln
    jobid: 48
    reason: Updated input files: ../../../data/kit14/opa_sequences_collated/DGI_65_opa_2.fa
    wildcards: sample=DGI_65_opa_2
    resources: mem_mb=1000, mem_mib=954, disk_mb=1000, disk_mib=954, tmpdir=/tmp, cpus=1, time=60, partition=serial_requeue


[Thu Jan 30 13:31:54 2025]
localrule mafft:
    input: ../../../data/kit14/opa_sequences_collated/DGI_65_opa_6.fa
    output: ../../../data/kit14/opa_sequences_aligned/DGI_65_opa_6.aln
    jobid: 41
    reason: Updated input files: ../../../data/kit14/opa_sequences_collated/DGI_65_opa_6.fa
    wildcards: sample=DGI_65_opa_6
    resources: mem_mb=1000, mem_mib=954, disk_mb=1000, disk_mib=954, tmpdir=/tmp, cpus=1, time=60, partition=serial_requeue


[Thu Jan 30 13:31:54 2025]
localrule mafft:
    input: ../../../data/kit14/opa_sequences_collated/EEE029_opa_3.fa
    output: ../../../data/kit14/opa_sequences_aligned/EEE029_opa_3.aln
    jobid: 34
    reason: Updated input files: ../../../data/kit14/opa_sequences_collated/EEE029_opa_3.fa
    wildcards: sample=EEE029_opa_3
    resources: mem_mb=1000, mem_mib=954, disk_mb=1000, disk_mib=954, tmpdir=/tmp, cpus=1, time=60, partition=serial_requeue


[Thu Jan 30 13:31:54 2025]
localrule mafft:
    input: ../../../data/kit14/opa_sequences_collated/EEE029_opa_2.fa
    output: ../../../data/kit14/opa_sequences_aligned/EEE029_opa_2.aln
    jobid: 49
    reason: Updated input files: ../../../data/kit14/opa_sequences_collated/EEE029_opa_2.fa
    wildcards: sample=EEE029_opa_2
    resources: mem_mb=1000, mem_mib=954, disk_mb=1000, disk_mib=954, tmpdir=/tmp, cpus=1, time=60, partition=serial_requeue


[Thu Jan 30 13:31:54 2025]
localrule mafft:
    input: ../../../data/kit14/opa_sequences_collated/EEE029_opa_5.fa
    output: ../../../data/kit14/opa_sequences_aligned/EEE029_opa_5.aln
    jobid: 10
    reason: Updated input files: ../../../data/kit14/opa_sequences_collated/EEE029_opa_5.fa
    wildcards: sample=EEE029_opa_5
    resources: mem_mb=1000, mem_mib=954, disk_mb=1000, disk_mib=954, tmpdir=/tmp, cpus=1, time=60, partition=serial_requeue


[Thu Jan 30 13:31:54 2025]
localrule mafft:
    input: ../../../data/kit14/opa_sequences_collated/DGI_65_opa_10.fa
    output: ../../../data/kit14/opa_sequences_aligned/DGI_65_opa_10.aln
    jobid: 1
    reason: Updated input files: ../../../data/kit14/opa_sequences_collated/DGI_65_opa_10.fa
    wildcards: sample=DGI_65_opa_10
    resources: mem_mb=1000, mem_mib=954, disk_mb=1000, disk_mib=954, tmpdir=/tmp, cpus=1, time=60, partition=serial_requeue


[Thu Jan 30 13:31:54 2025]
localrule mafft:
    input: ../../../data/kit14/opa_sequences_collated/EEE029_opa_6.fa
    output: ../../../data/kit14/opa_sequences_aligned/EEE029_opa_6.aln
    jobid: 16
    reason: Updated input files: ../../../data/kit14/opa_sequences_collated/EEE029_opa_6.fa
    wildcards: sample=EEE029_opa_6
    resources: mem_mb=1000, mem_mib=954, disk_mb=1000, disk_mib=954, tmpdir=/tmp, cpus=1, time=60, partition=serial_requeue


[Thu Jan 30 13:31:54 2025]
localrule mafft:
    input: ../../../data/kit14/opa_sequences_collated/DGI_65_opa_8.fa
    output: ../../../data/kit14/opa_sequences_aligned/DGI_65_opa_8.aln
    jobid: 58
    reason: Updated input files: ../../../data/kit14/opa_sequences_collated/DGI_65_opa_8.fa
    wildcards: sample=DGI_65_opa_8
    resources: mem_mb=1000, mem_mib=954, disk_mb=1000, disk_mib=954, tmpdir=/tmp, cpus=1, time=60, partition=serial_requeue


[Thu Jan 30 13:31:54 2025]
localrule mafft:
    input: ../../../data/kit14/opa_sequences_collated/EEE029_opa_10.fa
    output: ../../../data/kit14/opa_sequences_aligned/EEE029_opa_10.aln
    jobid: 37
    reason: Updated input files: ../../../data/kit14/opa_sequences_collated/EEE029_opa_10.fa
    wildcards: sample=EEE029_opa_10
    resources: mem_mb=1000, mem_mib=954, disk_mb=1000, disk_mib=954, tmpdir=/tmp, cpus=1, time=60, partition=serial_requeue


[Thu Jan 30 13:31:54 2025]
localrule mafft:
    input: ../../../data/kit14/opa_sequences_collated/DGI_65_opa_3.fa
    output: ../../../data/kit14/opa_sequences_aligned/DGI_65_opa_3.aln
    jobid: 13
    reason: Updated input files: ../../../data/kit14/opa_sequences_collated/DGI_65_opa_3.fa
    wildcards: sample=DGI_65_opa_3
    resources: mem_mb=1000, mem_mib=954, disk_mb=1000, disk_mib=954, tmpdir=/tmp, cpus=1, time=60, partition=serial_requeue


[Thu Jan 30 13:31:54 2025]
localrule mafft:
    input: ../../../data/kit14/opa_sequences_collated/DGI_65_opa_9.fa
    output: ../../../data/kit14/opa_sequences_aligned/DGI_65_opa_9.aln
    jobid: 59
    reason: Updated input files: ../../../data/kit14/opa_sequences_collated/DGI_65_opa_9.fa
    wildcards: sample=DGI_65_opa_9
    resources: mem_mb=1000, mem_mib=954, disk_mb=1000, disk_mib=954, tmpdir=/tmp, cpus=1, time=60, partition=serial_requeue

Activating conda environment: ../../../../../../../../../../../../n/home13/qinqinyu/.conda/envs/e2567a912f876d4b0a43b53b260518c9_
Activating conda environment: ../../../../../../../../../../../../n/home13/qinqinyu/.conda/envs/e2567a912f876d4b0a43b53b260518c9_
Activating conda environment: ../../../../../../../../../../../../n/home13/qinqinyu/.conda/envs/e2567a912f876d4b0a43b53b260518c9_
Activating conda environment: ../../../../../../../../../../../../n/home13/qinqinyu/.conda/envs/e2567a912f876d4b0a43b53b260518c9_
Activating conda environment: ../../../../../../../../../../../../n/home13/qinqinyu/.conda/envs/e2567a912f876d4b0a43b53b260518c9_
Activating conda environment: ../../../../../../../../../../../../n/home13/qinqinyu/.conda/envs/e2567a912f876d4b0a43b53b260518c9_
[Thu Jan 30 13:32:00 2025]
Finished job 61.
1 of 22 steps (5%) done
[Thu Jan 30 13:32:00 2025]
Finished job 32.
2 of 22 steps (9%) done
[Thu Jan 30 13:32:00 2025]
Finished job 31.
3 of 22 steps (14%) done
[Thu Jan 30 13:32:00 2025]
Finished job 46.
4 of 22 steps (18%) done
[Thu Jan 30 13:32:00 2025]
Finished job 26.
5 of 22 steps (23%) done
[Thu Jan 30 13:32:00 2025]
Finished job 19.
6 of 22 steps (27%) done
Activating conda environment: ../../../../../../../../../../../../n/home13/qinqinyu/.conda/envs/e2567a912f876d4b0a43b53b260518c9_
[Thu Jan 30 13:32:07 2025]
Finished job 20.
7 of 22 steps (32%) done
Activating conda environment: ../../../../../../../../../../../../n/home13/qinqinyu/.conda/envs/e2567a912f876d4b0a43b53b260518c9_
Activating conda environment: ../../../../../../../../../../../../n/home13/qinqinyu/.conda/envs/e2567a912f876d4b0a43b53b260518c9_
Activating conda environment: ../../../../../../../../../../../../n/home13/qinqinyu/.conda/envs/e2567a912f876d4b0a43b53b260518c9_
Activating conda environment: ../../../../../../../../../../../../n/home13/qinqinyu/.conda/envs/e2567a912f876d4b0a43b53b260518c9_
Activating conda environment: ../../../../../../../../../../../../n/home13/qinqinyu/.conda/envs/e2567a912f876d4b0a43b53b260518c9_
[Thu Jan 30 13:32:07 2025]
Finished job 48.
8 of 22 steps (36%) done
[Thu Jan 30 13:32:07 2025]
Finished job 55.
9 of 22 steps (41%) done
[Thu Jan 30 13:32:07 2025]
Finished job 41.
10 of 22 steps (45%) done
[Thu Jan 30 13:32:07 2025]
Finished job 62.
11 of 22 steps (50%) done
[Thu Jan 30 13:32:07 2025]
Finished job 54.
12 of 22 steps (55%) done
Activating conda environment: ../../../../../../../../../../../../n/home13/qinqinyu/.conda/envs/e2567a912f876d4b0a43b53b260518c9_
[Thu Jan 30 13:32:14 2025]
Finished job 10.
13 of 22 steps (59%) done
Activating conda environment: ../../../../../../../../../../../../n/home13/qinqinyu/.conda/envs/e2567a912f876d4b0a43b53b260518c9_
Activating conda environment: ../../../../../../../../../../../../n/home13/qinqinyu/.conda/envs/e2567a912f876d4b0a43b53b260518c9_
[Thu Jan 30 13:32:14 2025]
Finished job 34.
14 of 22 steps (64%) done
[Thu Jan 30 13:32:14 2025]
Finished job 16.
15 of 22 steps (68%) done
[Thu Jan 30 13:32:14 2025]
Finished job 49.
16 of 22 steps (73%) done
[Thu Jan 30 13:32:14 2025]
Finished job 1.
17 of 22 steps (77%) done
[Thu Jan 30 13:32:14 2025]
Finished job 58.
18 of 22 steps (82%) done
[Thu Jan 30 13:32:17 2025]
Finished job 37.
19 of 22 steps (86%) done
[Thu Jan 30 13:32:17 2025]
Finished job 13.
20 of 22 steps (91%) done
[Thu Jan 30 13:32:17 2025]
Finished job 59.
21 of 22 steps (95%) done
Select jobs to execute...

[Thu Jan 30 13:32:17 2025]
localrule all:
    input: ../../../data/kit14/opa_sequences_aligned/DGI_65_opa_10.aln, ../../../data/kit14/opa_sequences_aligned/EEE029a_VI_opa_3.aln, ../../../data/kit14/opa_sequences_aligned/DGI_65a_II_opa_9.aln, ../../../data/kit14/opa_sequences_aligned/EEE029a_VI_opa_11.aln, ../../../data/kit14/opa_sequences_aligned/EEE029b_VI_opa_4.aln, ../../../data/kit14/opa_sequences_aligned/DGI_65a_II_opa_3.aln, ../../../data/kit14/opa_sequences_aligned/DGI_65a_II_opa_7.aln, ../../../data/kit14/opa_sequences_aligned/DGI_65a_II_opa_10.aln, ../../../data/kit14/opa_sequences_aligned/DGI_65b_IV_opa_1.aln, ../../../data/kit14/opa_sequences_aligned/EEE029_opa_5.aln, ../../../data/kit14/opa_sequences_aligned/EEE029a_VI_opa_4.aln, ../../../data/kit14/opa_sequences_aligned/DGI_65b_IV_opa_9.aln, ../../../data/kit14/opa_sequences_aligned/DGI_65_opa_3.aln, ../../../data/kit14/opa_sequences_aligned/EEE029b_VI_opa_6.aln, ../../../data/kit14/opa_sequences_aligned/DGI_65a_II_opa_6.aln, ../../../data/kit14/opa_sequences_aligned/EEE029_opa_6.aln, ../../../data/kit14/opa_sequences_aligned/EEE029a_VI_opa_7.aln, ../../../data/kit14/opa_sequences_aligned/EEE029b_VI_opa_3.aln, ../../../data/kit14/opa_sequences_aligned/EEE029_opa_1.aln, ../../../data/kit14/opa_sequences_aligned/EEE029_opa_8.aln, ../../../data/kit14/opa_sequences_aligned/DGI_65a_II_opa_5.aln, ../../../data/kit14/opa_sequences_aligned/EEE029a_VI_opa_9.aln, ../../../data/kit14/opa_sequences_aligned/EEE029b_VI_opa_7.aln, ../../../data/kit14/opa_sequences_aligned/EEE029b_VI_opa_9.aln, ../../../data/kit14/opa_sequences_aligned/EEE029a_VI_opa_1.aln, ../../../data/kit14/opa_sequences_aligned/DGI_65_opa_4.aln, ../../../data/kit14/opa_sequences_aligned/EEE029b_VI_opa_8.aln, ../../../data/kit14/opa_sequences_aligned/DGI_65b_IV_opa_2.aln, ../../../data/kit14/opa_sequences_aligned/EEE029a_VI_opa_5.aln, ../../../data/kit14/opa_sequences_aligned/EEE029b_VI_opa_5.aln, ../../../data/kit14/opa_sequences_aligned/DGI_65_opa_7.aln, ../../../data/kit14/opa_sequences_aligned/EEE029_opa_7.aln, ../../../data/kit14/opa_sequences_aligned/EEE029b_VI_opa_10.aln, ../../../data/kit14/opa_sequences_aligned/EEE029_opa_3.aln, ../../../data/kit14/opa_sequences_aligned/EEE029a_VI_opa_2.aln, ../../../data/kit14/opa_sequences_aligned/EEE029a_VI_opa_10.aln, ../../../data/kit14/opa_sequences_aligned/EEE029_opa_10.aln, ../../../data/kit14/opa_sequences_aligned/DGI_65b_IV_opa_4.aln, ../../../data/kit14/opa_sequences_aligned/DGI_65b_IV_opa_5.aln, ../../../data/kit14/opa_sequences_aligned/DGI_65a_II_opa_1.aln, ../../../data/kit14/opa_sequences_aligned/DGI_65_opa_6.aln, ../../../data/kit14/opa_sequences_aligned/.ipynb_checkpoints/DGI_65a_II_opa_1-checkpoint.aln, ../../../data/kit14/opa_sequences_aligned/DGI_65b_IV_opa_6.aln, ../../../data/kit14/opa_sequences_aligned/EEE029b_VI_opa_1.aln, ../../../data/kit14/opa_sequences_aligned/EEE029b_VI_opa_2.aln, ../../../data/kit14/opa_sequences_aligned/DGI_65_opa_1.aln, ../../../data/kit14/opa_sequences_aligned/EEE029a_VI_opa_6.aln, ../../../data/kit14/opa_sequences_aligned/DGI_65_opa_2.aln, ../../../data/kit14/opa_sequences_aligned/EEE029_opa_2.aln, ../../../data/kit14/opa_sequences_aligned/DGI_65b_IV_opa_8.aln, ../../../data/kit14/opa_sequences_aligned/EEE029a_VI_opa_8.aln, ../../../data/kit14/opa_sequences_aligned/DGI_65a_II_opa_2.aln, ../../../data/kit14/opa_sequences_aligned/DGI_65a_II_opa_8.aln, ../../../data/kit14/opa_sequences_aligned/EEE029_opa_4.aln, ../../../data/kit14/opa_sequences_aligned/EEE029_opa_11.aln, ../../../data/kit14/opa_sequences_aligned/DGI_65b_IV_opa_7.aln, ../../../data/kit14/opa_sequences_aligned/EEE029b_VI_opa_11.aln, ../../../data/kit14/opa_sequences_aligned/DGI_65_opa_8.aln, ../../../data/kit14/opa_sequences_aligned/DGI_65_opa_9.aln, ../../../data/kit14/opa_sequences_aligned/DGI_65a_II_opa_4.aln, ../../../data/kit14/opa_sequences_aligned/EEE029_opa_9.aln, ../../../data/kit14/opa_sequences_aligned/DGI_65_opa_5.aln, ../../../data/kit14/opa_sequences_aligned/DGI_65b_IV_opa_3.aln, ../../../data/kit14/opa_sequences_aligned/DGI_65b_IV_opa_10.aln
    jobid: 0
    reason: Input files updated by another job: ../../../data/kit14/opa_sequences_aligned/EEE029_opa_2.aln, ../../../data/kit14/opa_sequences_aligned/EEE029_opa_1.aln, ../../../data/kit14/opa_sequences_aligned/DGI_65_opa_8.aln, ../../../data/kit14/opa_sequences_aligned/EEE029_opa_10.aln, ../../../data/kit14/opa_sequences_aligned/EEE029_opa_11.aln, ../../../data/kit14/opa_sequences_aligned/DGI_65_opa_5.aln, ../../../data/kit14/opa_sequences_aligned/EEE029_opa_8.aln, ../../../data/kit14/opa_sequences_aligned/DGI_65_opa_9.aln, ../../../data/kit14/opa_sequences_aligned/EEE029_opa_6.aln, ../../../data/kit14/opa_sequences_aligned/DGI_65_opa_1.aln, ../../../data/kit14/opa_sequences_aligned/EEE029_opa_9.aln, ../../../data/kit14/opa_sequences_aligned/DGI_65_opa_10.aln, ../../../data/kit14/opa_sequences_aligned/EEE029_opa_7.aln, ../../../data/kit14/opa_sequences_aligned/EEE029_opa_5.aln, ../../../data/kit14/opa_sequences_aligned/DGI_65_opa_3.aln, ../../../data/kit14/opa_sequences_aligned/EEE029_opa_4.aln, ../../../data/kit14/opa_sequences_aligned/EEE029_opa_3.aln, ../../../data/kit14/opa_sequences_aligned/DGI_65_opa_6.aln, ../../../data/kit14/opa_sequences_aligned/DGI_65_opa_7.aln, ../../../data/kit14/opa_sequences_aligned/DGI_65_opa_4.aln, ../../../data/kit14/opa_sequences_aligned/DGI_65_opa_2.aln
    resources: mem_mb=1000, mem_mib=954, disk_mb=1000, disk_mib=954, tmpdir=/tmp, cpus=1, time=60, partition=serial_requeue

[Thu Jan 30 13:32:17 2025]
Finished job 0.
22 of 22 steps (100%) done
Complete log: .snakemake/log/2025-01-30T132943.967367.snakemake.log
